[2021-08-06 09:13:00,687] {taskinstance.py:876} INFO - Dependencies all met for <TaskInstance: ex_dag_v_1_0.task_a 2021-08-06T09:12:00+00:00 [queued]>
[2021-08-06 09:13:00,701] {taskinstance.py:876} INFO - Dependencies all met for <TaskInstance: ex_dag_v_1_0.task_a 2021-08-06T09:12:00+00:00 [queued]>
[2021-08-06 09:13:00,702] {taskinstance.py:1067} INFO - 
--------------------------------------------------------------------------------
[2021-08-06 09:13:00,702] {taskinstance.py:1068} INFO - Starting attempt 1 of 1
[2021-08-06 09:13:00,702] {taskinstance.py:1069} INFO - 
--------------------------------------------------------------------------------
[2021-08-06 09:13:00,710] {taskinstance.py:1087} INFO - Executing <Task(BashOperator): task_a> on 2021-08-06T09:12:00+00:00
[2021-08-06 09:13:00,715] {standard_task_runner.py:52} INFO - Started process 7696 to run task
[2021-08-06 09:13:00,720] {standard_task_runner.py:76} INFO - Running: ['***', 'tasks', 'run', 'ex_dag_v_1_0', 'task_a', '2021-08-06T09:12:00+00:00', '--job-id', '30', '--pool', 'default_pool', '--raw', '--subdir', 'DAGS_FOLDER/ex_dag_v_1_0.py', '--cfg-path', '/tmp/tmp6dhkdq7p', '--error-file', '/tmp/tmpo8kyc4u3']
[2021-08-06 09:13:00,720] {standard_task_runner.py:77} INFO - Job 30: Subtask task_a
[2021-08-06 09:13:00,770] {logging_mixin.py:104} INFO - Running <TaskInstance: ex_dag_v_1_0.task_a 2021-08-06T09:12:00+00:00 [running]> on host a3e01b137881
[2021-08-06 09:13:00,832] {taskinstance.py:1280} INFO - Exporting the following env vars:
AIRFLOW_CTX_DAG_OWNER=Truong
AIRFLOW_CTX_DAG_ID=ex_dag_v_1_0
AIRFLOW_CTX_TASK_ID=task_a
AIRFLOW_CTX_EXECUTION_DATE=2021-08-06T09:12:00+00:00
AIRFLOW_CTX_DAG_RUN_ID=scheduled__2021-08-06T09:12:00+00:00
[2021-08-06 09:13:00,833] {subprocess.py:52} INFO - Tmp dir root location: 
 /tmp
[2021-08-06 09:13:00,834] {subprocess.py:63} INFO - Running command: ['bash', '-c', "echo 'task_a'"]
[2021-08-06 09:13:00,844] {subprocess.py:75} INFO - Output:
[2021-08-06 09:13:00,846] {subprocess.py:79} INFO - task_a
[2021-08-06 09:13:00,846] {subprocess.py:83} INFO - Command exited with return code 0
[2021-08-06 09:13:00,878] {taskinstance.py:1184} INFO - Marking task as SUCCESS. dag_id=ex_dag_v_1_0, task_id=task_a, execution_date=20210806T091200, start_date=20210806T091300, end_date=20210806T091300
[2021-08-06 09:13:00,907] {taskinstance.py:1245} INFO - 1 downstream tasks scheduled from follow-on schedule check
[2021-08-06 09:13:00,934] {local_task_job.py:151} INFO - Task exited with return code 0
