[2021-08-06 09:32:01,553] {taskinstance.py:876} INFO - Dependencies all met for <TaskInstance: ex_dag_v_1_0.task_b 2021-08-06T09:31:00+00:00 [queued]>
[2021-08-06 09:32:01,565] {taskinstance.py:876} INFO - Dependencies all met for <TaskInstance: ex_dag_v_1_0.task_b 2021-08-06T09:31:00+00:00 [queued]>
[2021-08-06 09:32:01,565] {taskinstance.py:1067} INFO - 
--------------------------------------------------------------------------------
[2021-08-06 09:32:01,566] {taskinstance.py:1068} INFO - Starting attempt 1 of 1
[2021-08-06 09:32:01,566] {taskinstance.py:1069} INFO - 
--------------------------------------------------------------------------------
[2021-08-06 09:32:01,572] {taskinstance.py:1087} INFO - Executing <Task(BashOperator): task_b> on 2021-08-06T09:31:00+00:00
[2021-08-06 09:32:01,577] {standard_task_runner.py:52} INFO - Started process 8947 to run task
[2021-08-06 09:32:01,581] {standard_task_runner.py:76} INFO - Running: ['***', 'tasks', 'run', 'ex_dag_v_1_0', 'task_b', '2021-08-06T09:31:00+00:00', '--job-id', '69', '--pool', 'default_pool', '--raw', '--subdir', 'DAGS_FOLDER/ex_dag_v_1_0.py', '--cfg-path', '/tmp/tmp9bkma5q3', '--error-file', '/tmp/tmpajcg99z6']
[2021-08-06 09:32:01,581] {standard_task_runner.py:77} INFO - Job 69: Subtask task_b
[2021-08-06 09:32:01,625] {logging_mixin.py:104} INFO - Running <TaskInstance: ex_dag_v_1_0.task_b 2021-08-06T09:31:00+00:00 [running]> on host a3e01b137881
[2021-08-06 09:32:01,681] {taskinstance.py:1280} INFO - Exporting the following env vars:
AIRFLOW_CTX_DAG_OWNER=Nha
AIRFLOW_CTX_DAG_ID=ex_dag_v_1_0
AIRFLOW_CTX_TASK_ID=task_b
AIRFLOW_CTX_EXECUTION_DATE=2021-08-06T09:31:00+00:00
AIRFLOW_CTX_DAG_RUN_ID=scheduled__2021-08-06T09:31:00+00:00
[2021-08-06 09:32:01,682] {subprocess.py:52} INFO - Tmp dir root location: 
 /tmp
[2021-08-06 09:32:01,683] {subprocess.py:63} INFO - Running command: ['bash', '-c', "echo 'task_b'"]
[2021-08-06 09:32:01,693] {subprocess.py:75} INFO - Output:
[2021-08-06 09:32:01,694] {subprocess.py:79} INFO - task_b
[2021-08-06 09:32:01,694] {subprocess.py:83} INFO - Command exited with return code 0
[2021-08-06 09:32:01,724] {taskinstance.py:1184} INFO - Marking task as SUCCESS. dag_id=ex_dag_v_1_0, task_id=task_b, execution_date=20210806T093100, start_date=20210806T093201, end_date=20210806T093201
[2021-08-06 09:32:01,747] {taskinstance.py:1245} INFO - 0 downstream tasks scheduled from follow-on schedule check
[2021-08-06 09:32:01,792] {local_task_job.py:151} INFO - Task exited with return code 0
