[2021-08-06 09:20:01,418] {taskinstance.py:876} INFO - Dependencies all met for <TaskInstance: ex_dag_v_1_0.task_b 2021-08-06T09:19:00+00:00 [queued]>
[2021-08-06 09:20:01,429] {taskinstance.py:876} INFO - Dependencies all met for <TaskInstance: ex_dag_v_1_0.task_b 2021-08-06T09:19:00+00:00 [queued]>
[2021-08-06 09:20:01,430] {taskinstance.py:1067} INFO - 
--------------------------------------------------------------------------------
[2021-08-06 09:20:01,430] {taskinstance.py:1068} INFO - Starting attempt 1 of 1
[2021-08-06 09:20:01,430] {taskinstance.py:1069} INFO - 
--------------------------------------------------------------------------------
[2021-08-06 09:20:01,437] {taskinstance.py:1087} INFO - Executing <Task(BashOperator): task_b> on 2021-08-06T09:19:00+00:00
[2021-08-06 09:20:01,443] {standard_task_runner.py:52} INFO - Started process 8165 to run task
[2021-08-06 09:20:01,446] {standard_task_runner.py:76} INFO - Running: ['***', 'tasks', 'run', 'ex_dag_v_1_0', 'task_b', '2021-08-06T09:19:00+00:00', '--job-id', '45', '--pool', 'default_pool', '--raw', '--subdir', 'DAGS_FOLDER/ex_dag_v_1_0.py', '--cfg-path', '/tmp/tmpxvd6nrqk', '--error-file', '/tmp/tmp7_bzf2po']
[2021-08-06 09:20:01,447] {standard_task_runner.py:77} INFO - Job 45: Subtask task_b
[2021-08-06 09:20:01,484] {logging_mixin.py:104} INFO - Running <TaskInstance: ex_dag_v_1_0.task_b 2021-08-06T09:19:00+00:00 [running]> on host a3e01b137881
[2021-08-06 09:20:01,596] {taskinstance.py:1280} INFO - Exporting the following env vars:
AIRFLOW_CTX_DAG_OWNER=Nha
AIRFLOW_CTX_DAG_ID=ex_dag_v_1_0
AIRFLOW_CTX_TASK_ID=task_b
AIRFLOW_CTX_EXECUTION_DATE=2021-08-06T09:19:00+00:00
AIRFLOW_CTX_DAG_RUN_ID=scheduled__2021-08-06T09:19:00+00:00
[2021-08-06 09:20:01,598] {subprocess.py:52} INFO - Tmp dir root location: 
 /tmp
[2021-08-06 09:20:01,599] {subprocess.py:63} INFO - Running command: ['bash', '-c', "echo 'task_b'"]
[2021-08-06 09:20:01,612] {subprocess.py:75} INFO - Output:
[2021-08-06 09:20:01,613] {subprocess.py:79} INFO - task_b
[2021-08-06 09:20:01,613] {subprocess.py:83} INFO - Command exited with return code 0
[2021-08-06 09:20:01,647] {taskinstance.py:1184} INFO - Marking task as SUCCESS. dag_id=ex_dag_v_1_0, task_id=task_b, execution_date=20210806T091900, start_date=20210806T092001, end_date=20210806T092001
[2021-08-06 09:20:01,682] {taskinstance.py:1245} INFO - 0 downstream tasks scheduled from follow-on schedule check
[2021-08-06 09:20:01,701] {local_task_job.py:151} INFO - Task exited with return code 0
