[2021-08-06 09:34:01,180] {taskinstance.py:876} INFO - Dependencies all met for <TaskInstance: ex_dag_v_1_0.task_a 2021-08-06T09:33:00+00:00 [queued]>
[2021-08-06 09:34:01,199] {taskinstance.py:876} INFO - Dependencies all met for <TaskInstance: ex_dag_v_1_0.task_a 2021-08-06T09:33:00+00:00 [queued]>
[2021-08-06 09:34:01,199] {taskinstance.py:1067} INFO - 
--------------------------------------------------------------------------------
[2021-08-06 09:34:01,199] {taskinstance.py:1068} INFO - Starting attempt 1 of 1
[2021-08-06 09:34:01,199] {taskinstance.py:1069} INFO - 
--------------------------------------------------------------------------------
[2021-08-06 09:34:01,211] {taskinstance.py:1087} INFO - Executing <Task(BashOperator): task_a> on 2021-08-06T09:33:00+00:00
[2021-08-06 09:34:01,216] {standard_task_runner.py:52} INFO - Started process 9079 to run task
[2021-08-06 09:34:01,220] {standard_task_runner.py:76} INFO - Running: ['***', 'tasks', 'run', 'ex_dag_v_1_0', 'task_a', '2021-08-06T09:33:00+00:00', '--job-id', '72', '--pool', 'default_pool', '--raw', '--subdir', 'DAGS_FOLDER/ex_dag_v_1_0.py', '--cfg-path', '/tmp/tmprry46_qq', '--error-file', '/tmp/tmpfhpk7kv1']
[2021-08-06 09:34:01,221] {standard_task_runner.py:77} INFO - Job 72: Subtask task_a
[2021-08-06 09:34:01,262] {logging_mixin.py:104} INFO - Running <TaskInstance: ex_dag_v_1_0.task_a 2021-08-06T09:33:00+00:00 [running]> on host a3e01b137881
[2021-08-06 09:34:01,314] {taskinstance.py:1280} INFO - Exporting the following env vars:
AIRFLOW_CTX_DAG_OWNER=Truong
AIRFLOW_CTX_DAG_ID=ex_dag_v_1_0
AIRFLOW_CTX_TASK_ID=task_a
AIRFLOW_CTX_EXECUTION_DATE=2021-08-06T09:33:00+00:00
AIRFLOW_CTX_DAG_RUN_ID=scheduled__2021-08-06T09:33:00+00:00
[2021-08-06 09:34:01,315] {subprocess.py:52} INFO - Tmp dir root location: 
 /tmp
[2021-08-06 09:34:01,315] {subprocess.py:63} INFO - Running command: ['bash', '-c', "echo 'task_a'"]
[2021-08-06 09:34:01,325] {subprocess.py:75} INFO - Output:
[2021-08-06 09:34:01,326] {subprocess.py:79} INFO - task_a
[2021-08-06 09:34:01,327] {subprocess.py:83} INFO - Command exited with return code 0
[2021-08-06 09:34:01,358] {taskinstance.py:1184} INFO - Marking task as SUCCESS. dag_id=ex_dag_v_1_0, task_id=task_a, execution_date=20210806T093300, start_date=20210806T093401, end_date=20210806T093401
[2021-08-06 09:34:01,385] {taskinstance.py:1245} INFO - 1 downstream tasks scheduled from follow-on schedule check
[2021-08-06 09:34:01,431] {local_task_job.py:151} INFO - Task exited with return code 0
