[2021-08-06 09:25:00,571] {taskinstance.py:876} INFO - Dependencies all met for <TaskInstance: ex_dag_v_1_0.task_a 2021-08-06T09:24:00+00:00 [queued]>
[2021-08-06 09:25:00,586] {taskinstance.py:876} INFO - Dependencies all met for <TaskInstance: ex_dag_v_1_0.task_a 2021-08-06T09:24:00+00:00 [queued]>
[2021-08-06 09:25:00,587] {taskinstance.py:1067} INFO - 
--------------------------------------------------------------------------------
[2021-08-06 09:25:00,587] {taskinstance.py:1068} INFO - Starting attempt 1 of 1
[2021-08-06 09:25:00,587] {taskinstance.py:1069} INFO - 
--------------------------------------------------------------------------------
[2021-08-06 09:25:00,595] {taskinstance.py:1087} INFO - Executing <Task(BashOperator): task_a> on 2021-08-06T09:24:00+00:00
[2021-08-06 09:25:00,601] {standard_task_runner.py:52} INFO - Started process 8486 to run task
[2021-08-06 09:25:00,605] {standard_task_runner.py:76} INFO - Running: ['***', 'tasks', 'run', 'ex_dag_v_1_0', 'task_a', '2021-08-06T09:24:00+00:00', '--job-id', '54', '--pool', 'default_pool', '--raw', '--subdir', 'DAGS_FOLDER/ex_dag_v_1_0.py', '--cfg-path', '/tmp/tmpy17pz0h3', '--error-file', '/tmp/tmpo83h6_wd']
[2021-08-06 09:25:00,606] {standard_task_runner.py:77} INFO - Job 54: Subtask task_a
[2021-08-06 09:25:00,663] {logging_mixin.py:104} INFO - Running <TaskInstance: ex_dag_v_1_0.task_a 2021-08-06T09:24:00+00:00 [running]> on host a3e01b137881
[2021-08-06 09:25:00,769] {taskinstance.py:1280} INFO - Exporting the following env vars:
AIRFLOW_CTX_DAG_OWNER=Truong
AIRFLOW_CTX_DAG_ID=ex_dag_v_1_0
AIRFLOW_CTX_TASK_ID=task_a
AIRFLOW_CTX_EXECUTION_DATE=2021-08-06T09:24:00+00:00
AIRFLOW_CTX_DAG_RUN_ID=scheduled__2021-08-06T09:24:00+00:00
[2021-08-06 09:25:00,769] {subprocess.py:52} INFO - Tmp dir root location: 
 /tmp
[2021-08-06 09:25:00,770] {subprocess.py:63} INFO - Running command: ['bash', '-c', "echo 'task_a'"]
[2021-08-06 09:25:00,779] {subprocess.py:75} INFO - Output:
[2021-08-06 09:25:00,780] {subprocess.py:79} INFO - task_a
[2021-08-06 09:25:00,780] {subprocess.py:83} INFO - Command exited with return code 0
[2021-08-06 09:25:00,803] {taskinstance.py:1184} INFO - Marking task as SUCCESS. dag_id=ex_dag_v_1_0, task_id=task_a, execution_date=20210806T092400, start_date=20210806T092500, end_date=20210806T092500
[2021-08-06 09:25:00,826] {taskinstance.py:1245} INFO - 1 downstream tasks scheduled from follow-on schedule check
[2021-08-06 09:25:00,857] {local_task_job.py:151} INFO - Task exited with return code 0
