[2021-08-06 08:48:56,727] {scheduler_job.py:182} INFO - Started process (PID=6798) to work on /opt/airflow/dags/ex_dag_v_1_0.py
[2021-08-06 08:48:56,729] {scheduler_job.py:633} INFO - Processing file /opt/airflow/dags/ex_dag_v_1_0.py for tasks to queue
[2021-08-06 08:48:56,729] {logging_mixin.py:104} INFO - [2021-08-06 08:48:56,729] {dagbag.py:487} INFO - Filling up the DagBag from /opt/airflow/dags/ex_dag_v_1_0.py
[2021-08-06 08:48:56,738] {scheduler_job.py:643} INFO - DAG(s) dict_keys(['dag_versioning_v_1_0']) retrieved from /opt/airflow/dags/ex_dag_v_1_0.py
[2021-08-06 08:48:56,903] {logging_mixin.py:104} INFO - [2021-08-06 08:48:56,903] {dag.py:1832} INFO - Sync 1 DAGs
[2021-08-06 08:48:56,915] {logging_mixin.py:104} INFO - [2021-08-06 08:48:56,915] {dag.py:2305} INFO - Setting next_dagrun for dag_versioning_v_1_0 to 2021-08-05 00:00:00+00:00
[2021-08-06 08:48:56,923] {scheduler_job.py:190} INFO - Processing /opt/airflow/dags/ex_dag_v_1_0.py took 0.198 seconds
[2021-08-06 08:49:27,888] {scheduler_job.py:182} INFO - Started process (PID=6827) to work on /opt/airflow/dags/ex_dag_v_1_0.py
[2021-08-06 08:49:27,889] {scheduler_job.py:633} INFO - Processing file /opt/airflow/dags/ex_dag_v_1_0.py for tasks to queue
[2021-08-06 08:49:27,890] {logging_mixin.py:104} INFO - [2021-08-06 08:49:27,889] {dagbag.py:487} INFO - Filling up the DagBag from /opt/airflow/dags/ex_dag_v_1_0.py
[2021-08-06 08:49:27,898] {scheduler_job.py:643} INFO - DAG(s) dict_keys(['dag_versioning_v_1_0']) retrieved from /opt/airflow/dags/ex_dag_v_1_0.py
[2021-08-06 08:49:27,926] {logging_mixin.py:104} INFO - [2021-08-06 08:49:27,926] {dag.py:1832} INFO - Sync 1 DAGs
[2021-08-06 08:49:27,944] {logging_mixin.py:104} INFO - [2021-08-06 08:49:27,944] {dag.py:2305} INFO - Setting next_dagrun for dag_versioning_v_1_0 to 2021-08-05 00:00:00+00:00
[2021-08-06 08:49:27,951] {scheduler_job.py:190} INFO - Processing /opt/airflow/dags/ex_dag_v_1_0.py took 0.066 seconds
[2021-08-06 08:49:58,055] {scheduler_job.py:182} INFO - Started process (PID=6866) to work on /opt/airflow/dags/ex_dag_v_1_0.py
[2021-08-06 08:49:58,056] {scheduler_job.py:633} INFO - Processing file /opt/airflow/dags/ex_dag_v_1_0.py for tasks to queue
[2021-08-06 08:49:58,057] {logging_mixin.py:104} INFO - [2021-08-06 08:49:58,057] {dagbag.py:487} INFO - Filling up the DagBag from /opt/airflow/dags/ex_dag_v_1_0.py
[2021-08-06 08:49:58,065] {scheduler_job.py:643} INFO - DAG(s) dict_keys(['dag_versioning_v_1_0']) retrieved from /opt/airflow/dags/ex_dag_v_1_0.py
[2021-08-06 08:49:58,079] {logging_mixin.py:104} INFO - [2021-08-06 08:49:58,079] {dag.py:1832} INFO - Sync 1 DAGs
[2021-08-06 08:49:58,094] {logging_mixin.py:104} INFO - [2021-08-06 08:49:58,094] {dag.py:2305} INFO - Setting next_dagrun for dag_versioning_v_1_0 to 2021-08-05 00:00:00+00:00
[2021-08-06 08:49:58,101] {scheduler_job.py:190} INFO - Processing /opt/airflow/dags/ex_dag_v_1_0.py took 0.048 seconds
[2021-08-06 08:50:28,217] {scheduler_job.py:182} INFO - Started process (PID=6903) to work on /opt/airflow/dags/ex_dag_v_1_0.py
[2021-08-06 08:50:28,218] {scheduler_job.py:633} INFO - Processing file /opt/airflow/dags/ex_dag_v_1_0.py for tasks to queue
[2021-08-06 08:50:28,219] {logging_mixin.py:104} INFO - [2021-08-06 08:50:28,219] {dagbag.py:487} INFO - Filling up the DagBag from /opt/airflow/dags/ex_dag_v_1_0.py
[2021-08-06 08:50:28,233] {scheduler_job.py:643} INFO - DAG(s) dict_keys(['ex_dag_v_1_0']) retrieved from /opt/airflow/dags/ex_dag_v_1_0.py
[2021-08-06 08:50:29,845] {logging_mixin.py:104} INFO - [2021-08-06 08:50:29,844] {dag.py:1832} INFO - Sync 1 DAGs
[2021-08-06 08:50:29,849] {logging_mixin.py:104} INFO - [2021-08-06 08:50:29,849] {dag.py:1851} INFO - Creating ORM DAG for ex_dag_v_1_0
[2021-08-06 08:50:29,856] {logging_mixin.py:104} INFO - [2021-08-06 08:50:29,856] {dag.py:2305} INFO - Setting next_dagrun for ex_dag_v_1_0 to 2021-08-05 00:00:00+00:00
[2021-08-06 08:50:29,862] {scheduler_job.py:190} INFO - Processing /opt/airflow/dags/ex_dag_v_1_0.py took 1.648 seconds
[2021-08-06 08:51:00,418] {scheduler_job.py:182} INFO - Started process (PID=6930) to work on /opt/airflow/dags/ex_dag_v_1_0.py
[2021-08-06 08:51:00,419] {scheduler_job.py:633} INFO - Processing file /opt/airflow/dags/ex_dag_v_1_0.py for tasks to queue
[2021-08-06 08:51:00,420] {logging_mixin.py:104} INFO - [2021-08-06 08:51:00,419] {dagbag.py:487} INFO - Filling up the DagBag from /opt/airflow/dags/ex_dag_v_1_0.py
[2021-08-06 08:51:00,430] {scheduler_job.py:643} INFO - DAG(s) dict_keys(['ex_dag_v_1_0']) retrieved from /opt/airflow/dags/ex_dag_v_1_0.py
[2021-08-06 08:51:00,448] {logging_mixin.py:104} INFO - [2021-08-06 08:51:00,448] {dag.py:1832} INFO - Sync 1 DAGs
[2021-08-06 08:51:00,463] {logging_mixin.py:104} INFO - [2021-08-06 08:51:00,463] {dag.py:2305} INFO - Setting next_dagrun for ex_dag_v_1_0 to 2021-08-05 00:00:00+00:00
[2021-08-06 08:51:00,468] {scheduler_job.py:190} INFO - Processing /opt/airflow/dags/ex_dag_v_1_0.py took 0.053 seconds
[2021-08-06 08:51:30,560] {scheduler_job.py:182} INFO - Started process (PID=6974) to work on /opt/airflow/dags/ex_dag_v_1_0.py
[2021-08-06 08:51:30,561] {scheduler_job.py:633} INFO - Processing file /opt/airflow/dags/ex_dag_v_1_0.py for tasks to queue
[2021-08-06 08:51:30,561] {logging_mixin.py:104} INFO - [2021-08-06 08:51:30,561] {dagbag.py:487} INFO - Filling up the DagBag from /opt/airflow/dags/ex_dag_v_1_0.py
[2021-08-06 08:51:30,571] {scheduler_job.py:643} INFO - DAG(s) dict_keys(['ex_dag_v_1_0']) retrieved from /opt/airflow/dags/ex_dag_v_1_0.py
[2021-08-06 08:51:30,586] {logging_mixin.py:104} INFO - [2021-08-06 08:51:30,585] {dag.py:1832} INFO - Sync 1 DAGs
[2021-08-06 08:51:30,601] {logging_mixin.py:104} INFO - [2021-08-06 08:51:30,600] {dag.py:2305} INFO - Setting next_dagrun for ex_dag_v_1_0 to 2021-08-05 00:00:00+00:00
[2021-08-06 08:51:30,607] {scheduler_job.py:190} INFO - Processing /opt/airflow/dags/ex_dag_v_1_0.py took 0.050 seconds
[2021-08-06 08:52:00,703] {scheduler_job.py:182} INFO - Started process (PID=7013) to work on /opt/airflow/dags/ex_dag_v_1_0.py
[2021-08-06 08:52:00,703] {scheduler_job.py:633} INFO - Processing file /opt/airflow/dags/ex_dag_v_1_0.py for tasks to queue
[2021-08-06 08:52:00,705] {logging_mixin.py:104} INFO - [2021-08-06 08:52:00,704] {dagbag.py:487} INFO - Filling up the DagBag from /opt/airflow/dags/ex_dag_v_1_0.py
[2021-08-06 08:52:00,716] {scheduler_job.py:643} INFO - DAG(s) dict_keys(['ex_dag_v_1_0']) retrieved from /opt/airflow/dags/ex_dag_v_1_0.py
[2021-08-06 08:52:00,734] {logging_mixin.py:104} INFO - [2021-08-06 08:52:00,734] {dag.py:1832} INFO - Sync 1 DAGs
[2021-08-06 08:52:00,751] {logging_mixin.py:104} INFO - [2021-08-06 08:52:00,751] {dag.py:2305} INFO - Setting next_dagrun for ex_dag_v_1_0 to 2021-08-05 00:00:00+00:00
[2021-08-06 08:52:00,760] {scheduler_job.py:190} INFO - Processing /opt/airflow/dags/ex_dag_v_1_0.py took 0.060 seconds
[2021-08-06 08:52:30,862] {scheduler_job.py:182} INFO - Started process (PID=7038) to work on /opt/airflow/dags/ex_dag_v_1_0.py
[2021-08-06 08:52:30,862] {scheduler_job.py:633} INFO - Processing file /opt/airflow/dags/ex_dag_v_1_0.py for tasks to queue
[2021-08-06 08:52:30,863] {logging_mixin.py:104} INFO - [2021-08-06 08:52:30,863] {dagbag.py:487} INFO - Filling up the DagBag from /opt/airflow/dags/ex_dag_v_1_0.py
[2021-08-06 08:52:30,872] {scheduler_job.py:643} INFO - DAG(s) dict_keys(['ex_dag_v_1_0']) retrieved from /opt/airflow/dags/ex_dag_v_1_0.py
[2021-08-06 08:52:30,888] {logging_mixin.py:104} INFO - [2021-08-06 08:52:30,887] {dag.py:1832} INFO - Sync 1 DAGs
[2021-08-06 08:52:30,901] {logging_mixin.py:104} INFO - [2021-08-06 08:52:30,901] {dag.py:2305} INFO - Setting next_dagrun for ex_dag_v_1_0 to 2021-08-05 00:00:00+00:00
[2021-08-06 08:52:30,908] {scheduler_job.py:190} INFO - Processing /opt/airflow/dags/ex_dag_v_1_0.py took 0.049 seconds
[2021-08-06 08:53:01,023] {scheduler_job.py:182} INFO - Started process (PID=7079) to work on /opt/airflow/dags/ex_dag_v_1_0.py
[2021-08-06 08:53:01,024] {scheduler_job.py:633} INFO - Processing file /opt/airflow/dags/ex_dag_v_1_0.py for tasks to queue
[2021-08-06 08:53:01,025] {logging_mixin.py:104} INFO - [2021-08-06 08:53:01,025] {dagbag.py:487} INFO - Filling up the DagBag from /opt/airflow/dags/ex_dag_v_1_0.py
[2021-08-06 08:53:01,037] {scheduler_job.py:643} INFO - DAG(s) dict_keys(['ex_dag_v_1_0']) retrieved from /opt/airflow/dags/ex_dag_v_1_0.py
[2021-08-06 08:53:01,054] {logging_mixin.py:104} INFO - [2021-08-06 08:53:01,054] {dag.py:1832} INFO - Sync 1 DAGs
[2021-08-06 08:53:01,069] {logging_mixin.py:104} INFO - [2021-08-06 08:53:01,069] {dag.py:2305} INFO - Setting next_dagrun for ex_dag_v_1_0 to 2021-08-05 00:00:00+00:00
[2021-08-06 08:53:01,076] {scheduler_job.py:190} INFO - Processing /opt/airflow/dags/ex_dag_v_1_0.py took 0.056 seconds
[2021-08-06 08:53:31,179] {scheduler_job.py:182} INFO - Started process (PID=7106) to work on /opt/airflow/dags/ex_dag_v_1_0.py
[2021-08-06 08:53:31,179] {scheduler_job.py:633} INFO - Processing file /opt/airflow/dags/ex_dag_v_1_0.py for tasks to queue
[2021-08-06 08:53:31,180] {logging_mixin.py:104} INFO - [2021-08-06 08:53:31,180] {dagbag.py:487} INFO - Filling up the DagBag from /opt/airflow/dags/ex_dag_v_1_0.py
[2021-08-06 08:53:31,192] {scheduler_job.py:643} INFO - DAG(s) dict_keys(['ex_dag_v_1_0']) retrieved from /opt/airflow/dags/ex_dag_v_1_0.py
[2021-08-06 08:53:31,211] {logging_mixin.py:104} INFO - [2021-08-06 08:53:31,211] {dag.py:1832} INFO - Sync 1 DAGs
[2021-08-06 08:53:31,228] {logging_mixin.py:104} INFO - [2021-08-06 08:53:31,228] {dag.py:2305} INFO - Setting next_dagrun for ex_dag_v_1_0 to 2021-08-05 00:00:00+00:00
[2021-08-06 08:53:31,238] {scheduler_job.py:190} INFO - Processing /opt/airflow/dags/ex_dag_v_1_0.py took 0.062 seconds
[2021-08-06 08:54:01,331] {scheduler_job.py:182} INFO - Started process (PID=7144) to work on /opt/airflow/dags/ex_dag_v_1_0.py
[2021-08-06 08:54:01,332] {scheduler_job.py:633} INFO - Processing file /opt/airflow/dags/ex_dag_v_1_0.py for tasks to queue
[2021-08-06 08:54:01,333] {logging_mixin.py:104} INFO - [2021-08-06 08:54:01,332] {dagbag.py:487} INFO - Filling up the DagBag from /opt/airflow/dags/ex_dag_v_1_0.py
[2021-08-06 08:54:01,344] {scheduler_job.py:643} INFO - DAG(s) dict_keys(['ex_dag_v_1_0']) retrieved from /opt/airflow/dags/ex_dag_v_1_0.py
[2021-08-06 08:54:01,365] {logging_mixin.py:104} INFO - [2021-08-06 08:54:01,364] {dag.py:1832} INFO - Sync 1 DAGs
[2021-08-06 08:54:01,382] {logging_mixin.py:104} INFO - [2021-08-06 08:54:01,381] {dag.py:2305} INFO - Setting next_dagrun for ex_dag_v_1_0 to 2021-08-05 00:00:00+00:00
[2021-08-06 08:54:01,389] {scheduler_job.py:190} INFO - Processing /opt/airflow/dags/ex_dag_v_1_0.py took 0.061 seconds
[2021-08-06 08:54:31,466] {scheduler_job.py:182} INFO - Started process (PID=7171) to work on /opt/airflow/dags/ex_dag_v_1_0.py
[2021-08-06 08:54:31,467] {scheduler_job.py:633} INFO - Processing file /opt/airflow/dags/ex_dag_v_1_0.py for tasks to queue
[2021-08-06 08:54:31,468] {logging_mixin.py:104} INFO - [2021-08-06 08:54:31,468] {dagbag.py:487} INFO - Filling up the DagBag from /opt/airflow/dags/ex_dag_v_1_0.py
[2021-08-06 08:54:31,477] {scheduler_job.py:643} INFO - DAG(s) dict_keys(['ex_dag_v_1_0']) retrieved from /opt/airflow/dags/ex_dag_v_1_0.py
[2021-08-06 08:54:31,493] {logging_mixin.py:104} INFO - [2021-08-06 08:54:31,493] {dag.py:1832} INFO - Sync 1 DAGs
[2021-08-06 08:54:31,511] {logging_mixin.py:104} INFO - [2021-08-06 08:54:31,511] {dag.py:2305} INFO - Setting next_dagrun for ex_dag_v_1_0 to 2021-08-05 00:00:00+00:00
[2021-08-06 08:54:31,539] {scheduler_job.py:190} INFO - Processing /opt/airflow/dags/ex_dag_v_1_0.py took 0.075 seconds
[2021-08-06 08:55:01,599] {scheduler_job.py:182} INFO - Started process (PID=7211) to work on /opt/airflow/dags/ex_dag_v_1_0.py
[2021-08-06 08:55:01,601] {scheduler_job.py:633} INFO - Processing file /opt/airflow/dags/ex_dag_v_1_0.py for tasks to queue
[2021-08-06 08:55:01,601] {logging_mixin.py:104} INFO - [2021-08-06 08:55:01,601] {dagbag.py:487} INFO - Filling up the DagBag from /opt/airflow/dags/ex_dag_v_1_0.py
[2021-08-06 08:55:01,611] {scheduler_job.py:643} INFO - DAG(s) dict_keys(['ex_dag_v_1_0']) retrieved from /opt/airflow/dags/ex_dag_v_1_0.py
[2021-08-06 08:55:01,627] {logging_mixin.py:104} INFO - [2021-08-06 08:55:01,627] {dag.py:1832} INFO - Sync 1 DAGs
[2021-08-06 08:55:01,641] {logging_mixin.py:104} INFO - [2021-08-06 08:55:01,641] {dag.py:2305} INFO - Setting next_dagrun for ex_dag_v_1_0 to 2021-08-05 00:00:00+00:00
[2021-08-06 08:55:01,648] {scheduler_job.py:190} INFO - Processing /opt/airflow/dags/ex_dag_v_1_0.py took 0.051 seconds
[2021-08-06 08:55:31,724] {scheduler_job.py:182} INFO - Started process (PID=7248) to work on /opt/airflow/dags/ex_dag_v_1_0.py
[2021-08-06 08:55:31,725] {scheduler_job.py:633} INFO - Processing file /opt/airflow/dags/ex_dag_v_1_0.py for tasks to queue
[2021-08-06 08:55:31,726] {logging_mixin.py:104} INFO - [2021-08-06 08:55:31,726] {dagbag.py:487} INFO - Filling up the DagBag from /opt/airflow/dags/ex_dag_v_1_0.py
[2021-08-06 08:55:31,740] {scheduler_job.py:643} INFO - DAG(s) dict_keys(['ex_dag_v_1_0']) retrieved from /opt/airflow/dags/ex_dag_v_1_0.py
[2021-08-06 08:55:31,761] {logging_mixin.py:104} INFO - [2021-08-06 08:55:31,760] {dag.py:1832} INFO - Sync 1 DAGs
[2021-08-06 08:55:31,791] {logging_mixin.py:104} INFO - [2021-08-06 08:55:31,790] {dag.py:2305} INFO - Setting next_dagrun for ex_dag_v_1_0 to 2021-08-05 00:00:00+00:00
[2021-08-06 08:55:31,798] {scheduler_job.py:190} INFO - Processing /opt/airflow/dags/ex_dag_v_1_0.py took 0.078 seconds
[2021-08-06 08:56:01,892] {scheduler_job.py:182} INFO - Started process (PID=7273) to work on /opt/airflow/dags/ex_dag_v_1_0.py
[2021-08-06 08:56:01,893] {scheduler_job.py:633} INFO - Processing file /opt/airflow/dags/ex_dag_v_1_0.py for tasks to queue
[2021-08-06 08:56:01,894] {logging_mixin.py:104} INFO - [2021-08-06 08:56:01,894] {dagbag.py:487} INFO - Filling up the DagBag from /opt/airflow/dags/ex_dag_v_1_0.py
[2021-08-06 08:56:01,906] {scheduler_job.py:643} INFO - DAG(s) dict_keys(['ex_dag_v_1_0']) retrieved from /opt/airflow/dags/ex_dag_v_1_0.py
[2021-08-06 08:56:01,926] {logging_mixin.py:104} INFO - [2021-08-06 08:56:01,926] {dag.py:1832} INFO - Sync 1 DAGs
[2021-08-06 08:56:01,944] {logging_mixin.py:104} INFO - [2021-08-06 08:56:01,944] {dag.py:2305} INFO - Setting next_dagrun for ex_dag_v_1_0 to 2021-08-06 00:00:00+00:00
[2021-08-06 08:56:01,952] {scheduler_job.py:190} INFO - Processing /opt/airflow/dags/ex_dag_v_1_0.py took 0.063 seconds
[2021-08-06 08:56:32,077] {scheduler_job.py:182} INFO - Started process (PID=7314) to work on /opt/airflow/dags/ex_dag_v_1_0.py
[2021-08-06 08:56:32,077] {scheduler_job.py:633} INFO - Processing file /opt/airflow/dags/ex_dag_v_1_0.py for tasks to queue
[2021-08-06 08:56:32,078] {logging_mixin.py:104} INFO - [2021-08-06 08:56:32,078] {dagbag.py:487} INFO - Filling up the DagBag from /opt/airflow/dags/ex_dag_v_1_0.py
[2021-08-06 08:56:32,088] {scheduler_job.py:643} INFO - DAG(s) dict_keys(['ex_dag_v_1_0']) retrieved from /opt/airflow/dags/ex_dag_v_1_0.py
[2021-08-06 08:56:32,106] {logging_mixin.py:104} INFO - [2021-08-06 08:56:32,106] {dag.py:1832} INFO - Sync 1 DAGs
[2021-08-06 08:56:32,119] {logging_mixin.py:104} INFO - [2021-08-06 08:56:32,119] {dag.py:2305} INFO - Setting next_dagrun for ex_dag_v_1_0 to 2021-08-06 00:00:00+00:00
[2021-08-06 08:56:32,125] {scheduler_job.py:190} INFO - Processing /opt/airflow/dags/ex_dag_v_1_0.py took 0.052 seconds
[2021-08-06 08:57:02,251] {scheduler_job.py:182} INFO - Started process (PID=7342) to work on /opt/airflow/dags/ex_dag_v_1_0.py
[2021-08-06 08:57:02,252] {scheduler_job.py:633} INFO - Processing file /opt/airflow/dags/ex_dag_v_1_0.py for tasks to queue
[2021-08-06 08:57:02,253] {logging_mixin.py:104} INFO - [2021-08-06 08:57:02,253] {dagbag.py:487} INFO - Filling up the DagBag from /opt/airflow/dags/ex_dag_v_1_0.py
[2021-08-06 08:57:02,265] {scheduler_job.py:643} INFO - DAG(s) dict_keys(['ex_dag_v_1_0']) retrieved from /opt/airflow/dags/ex_dag_v_1_0.py
[2021-08-06 08:57:02,285] {logging_mixin.py:104} INFO - [2021-08-06 08:57:02,285] {dag.py:1832} INFO - Sync 1 DAGs
[2021-08-06 08:57:02,300] {logging_mixin.py:104} INFO - [2021-08-06 08:57:02,299] {dag.py:2305} INFO - Setting next_dagrun for ex_dag_v_1_0 to 2021-08-06 00:00:00+00:00
[2021-08-06 08:57:02,307] {scheduler_job.py:190} INFO - Processing /opt/airflow/dags/ex_dag_v_1_0.py took 0.059 seconds
[2021-08-06 08:57:32,438] {scheduler_job.py:182} INFO - Started process (PID=7378) to work on /opt/airflow/dags/ex_dag_v_1_0.py
[2021-08-06 08:57:32,439] {scheduler_job.py:633} INFO - Processing file /opt/airflow/dags/ex_dag_v_1_0.py for tasks to queue
[2021-08-06 08:57:32,440] {logging_mixin.py:104} INFO - [2021-08-06 08:57:32,440] {dagbag.py:487} INFO - Filling up the DagBag from /opt/airflow/dags/ex_dag_v_1_0.py
[2021-08-06 08:57:32,453] {scheduler_job.py:643} INFO - DAG(s) dict_keys(['ex_dag_v_1_0']) retrieved from /opt/airflow/dags/ex_dag_v_1_0.py
[2021-08-06 08:57:32,474] {logging_mixin.py:104} INFO - [2021-08-06 08:57:32,474] {dag.py:1832} INFO - Sync 1 DAGs
[2021-08-06 08:57:32,491] {logging_mixin.py:104} INFO - [2021-08-06 08:57:32,491] {dag.py:2305} INFO - Setting next_dagrun for ex_dag_v_1_0 to 2021-08-06 00:00:00+00:00
[2021-08-06 08:57:32,498] {scheduler_job.py:190} INFO - Processing /opt/airflow/dags/ex_dag_v_1_0.py took 0.064 seconds
[2021-08-06 08:58:02,685] {scheduler_job.py:182} INFO - Started process (PID=7411) to work on /opt/airflow/dags/ex_dag_v_1_0.py
[2021-08-06 08:58:02,690] {scheduler_job.py:633} INFO - Processing file /opt/airflow/dags/ex_dag_v_1_0.py for tasks to queue
[2021-08-06 08:58:02,691] {logging_mixin.py:104} INFO - [2021-08-06 08:58:02,691] {dagbag.py:487} INFO - Filling up the DagBag from /opt/airflow/dags/ex_dag_v_1_0.py
[2021-08-06 08:58:02,714] {scheduler_job.py:643} INFO - DAG(s) dict_keys(['ex_dag_v_1_0']) retrieved from /opt/airflow/dags/ex_dag_v_1_0.py
[2021-08-06 08:58:02,744] {logging_mixin.py:104} INFO - [2021-08-06 08:58:02,744] {dag.py:1832} INFO - Sync 1 DAGs
[2021-08-06 08:58:02,767] {logging_mixin.py:104} INFO - [2021-08-06 08:58:02,767] {dag.py:2305} INFO - Setting next_dagrun for ex_dag_v_1_0 to 2021-08-06 00:00:00+00:00
[2021-08-06 08:58:02,780] {scheduler_job.py:190} INFO - Processing /opt/airflow/dags/ex_dag_v_1_0.py took 0.102 seconds
[2021-08-06 08:58:32,905] {scheduler_job.py:182} INFO - Started process (PID=7440) to work on /opt/airflow/dags/ex_dag_v_1_0.py
[2021-08-06 08:58:32,906] {scheduler_job.py:633} INFO - Processing file /opt/airflow/dags/ex_dag_v_1_0.py for tasks to queue
[2021-08-06 08:58:32,907] {logging_mixin.py:104} INFO - [2021-08-06 08:58:32,907] {dagbag.py:487} INFO - Filling up the DagBag from /opt/airflow/dags/ex_dag_v_1_0.py
[2021-08-06 08:58:32,918] {scheduler_job.py:643} INFO - DAG(s) dict_keys(['ex_dag_v_1_0']) retrieved from /opt/airflow/dags/ex_dag_v_1_0.py
[2021-08-06 08:58:32,935] {logging_mixin.py:104} INFO - [2021-08-06 08:58:32,935] {dag.py:1832} INFO - Sync 1 DAGs
[2021-08-06 08:58:32,948] {logging_mixin.py:104} INFO - [2021-08-06 08:58:32,948] {dag.py:2305} INFO - Setting next_dagrun for ex_dag_v_1_0 to 2021-08-06 00:00:00+00:00
[2021-08-06 08:58:32,954] {scheduler_job.py:190} INFO - Processing /opt/airflow/dags/ex_dag_v_1_0.py took 0.052 seconds
[2021-08-06 08:59:03,165] {scheduler_job.py:182} INFO - Started process (PID=7479) to work on /opt/airflow/dags/ex_dag_v_1_0.py
[2021-08-06 08:59:03,166] {scheduler_job.py:633} INFO - Processing file /opt/airflow/dags/ex_dag_v_1_0.py for tasks to queue
[2021-08-06 08:59:03,166] {logging_mixin.py:104} INFO - [2021-08-06 08:59:03,166] {dagbag.py:487} INFO - Filling up the DagBag from /opt/airflow/dags/ex_dag_v_1_0.py
[2021-08-06 08:59:03,178] {scheduler_job.py:643} INFO - DAG(s) dict_keys(['ex_dag_v_1_0']) retrieved from /opt/airflow/dags/ex_dag_v_1_0.py
[2021-08-06 08:59:03,357] {logging_mixin.py:104} INFO - [2021-08-06 08:59:03,357] {dag.py:1832} INFO - Sync 1 DAGs
[2021-08-06 08:59:03,374] {logging_mixin.py:104} INFO - [2021-08-06 08:59:03,374] {dag.py:2305} INFO - Setting next_dagrun for ex_dag_v_1_0 to 2021-08-06T09:00:00+00:00
[2021-08-06 08:59:03,383] {scheduler_job.py:190} INFO - Processing /opt/airflow/dags/ex_dag_v_1_0.py took 0.221 seconds
[2021-08-06 08:59:34,317] {scheduler_job.py:182} INFO - Started process (PID=7508) to work on /opt/airflow/dags/ex_dag_v_1_0.py
[2021-08-06 08:59:34,318] {scheduler_job.py:633} INFO - Processing file /opt/airflow/dags/ex_dag_v_1_0.py for tasks to queue
[2021-08-06 08:59:34,318] {logging_mixin.py:104} INFO - [2021-08-06 08:59:34,318] {dagbag.py:487} INFO - Filling up the DagBag from /opt/airflow/dags/ex_dag_v_1_0.py
[2021-08-06 08:59:34,332] {scheduler_job.py:643} INFO - DAG(s) dict_keys(['ex_dag_v_1_0']) retrieved from /opt/airflow/dags/ex_dag_v_1_0.py
[2021-08-06 08:59:34,547] {logging_mixin.py:104} INFO - [2021-08-06 08:59:34,547] {dag.py:1832} INFO - Sync 1 DAGs
[2021-08-06 08:59:34,566] {logging_mixin.py:104} INFO - [2021-08-06 08:59:34,566] {dag.py:2305} INFO - Setting next_dagrun for ex_dag_v_1_0 to 2021-08-06T09:00:00+00:00
[2021-08-06 08:59:34,574] {scheduler_job.py:190} INFO - Processing /opt/airflow/dags/ex_dag_v_1_0.py took 0.261 seconds
[2021-08-06 09:00:05,426] {scheduler_job.py:182} INFO - Started process (PID=7548) to work on /opt/airflow/dags/ex_dag_v_1_0.py
[2021-08-06 09:00:05,430] {scheduler_job.py:633} INFO - Processing file /opt/airflow/dags/ex_dag_v_1_0.py for tasks to queue
[2021-08-06 09:00:05,431] {logging_mixin.py:104} INFO - [2021-08-06 09:00:05,430] {dagbag.py:487} INFO - Filling up the DagBag from /opt/airflow/dags/ex_dag_v_1_0.py
[2021-08-06 09:00:05,446] {scheduler_job.py:643} INFO - DAG(s) dict_keys(['ex_dag_v_1_0']) retrieved from /opt/airflow/dags/ex_dag_v_1_0.py
[2021-08-06 09:00:05,658] {logging_mixin.py:104} INFO - [2021-08-06 09:00:05,658] {dag.py:1832} INFO - Sync 1 DAGs
[2021-08-06 09:00:05,674] {logging_mixin.py:104} INFO - [2021-08-06 09:00:05,674] {dag.py:2305} INFO - Setting next_dagrun for ex_dag_v_1_0 to 2021-08-06T09:01:00+00:00
[2021-08-06 09:00:05,683] {scheduler_job.py:190} INFO - Processing /opt/airflow/dags/ex_dag_v_1_0.py took 0.260 seconds
[2021-08-06 09:00:35,704] {scheduler_job.py:182} INFO - Started process (PID=7587) to work on /opt/airflow/dags/ex_dag_v_1_0.py
[2021-08-06 09:00:35,708] {scheduler_job.py:633} INFO - Processing file /opt/airflow/dags/ex_dag_v_1_0.py for tasks to queue
[2021-08-06 09:00:35,708] {logging_mixin.py:104} INFO - [2021-08-06 09:00:35,708] {dagbag.py:487} INFO - Filling up the DagBag from /opt/airflow/dags/ex_dag_v_1_0.py
[2021-08-06 09:00:35,721] {scheduler_job.py:643} INFO - DAG(s) dict_keys(['ex_dag_v_1_0']) retrieved from /opt/airflow/dags/ex_dag_v_1_0.py
[2021-08-06 09:00:35,909] {logging_mixin.py:104} INFO - [2021-08-06 09:00:35,909] {dag.py:1832} INFO - Sync 1 DAGs
[2021-08-06 09:00:35,927] {logging_mixin.py:104} INFO - [2021-08-06 09:00:35,926] {dag.py:2305} INFO - Setting next_dagrun for ex_dag_v_1_0 to 2021-08-06T09:01:00+00:00
[2021-08-06 09:00:35,935] {scheduler_job.py:190} INFO - Processing /opt/airflow/dags/ex_dag_v_1_0.py took 0.234 seconds
[2021-08-06 09:01:06,871] {scheduler_job.py:182} INFO - Started process (PID=7612) to work on /opt/airflow/dags/ex_dag_v_1_0.py
[2021-08-06 09:01:06,872] {scheduler_job.py:633} INFO - Processing file /opt/airflow/dags/ex_dag_v_1_0.py for tasks to queue
[2021-08-06 09:01:06,873] {logging_mixin.py:104} INFO - [2021-08-06 09:01:06,872] {dagbag.py:487} INFO - Filling up the DagBag from /opt/airflow/dags/ex_dag_v_1_0.py
[2021-08-06 09:01:06,886] {scheduler_job.py:643} INFO - DAG(s) dict_keys(['ex_dag_v_1_0']) retrieved from /opt/airflow/dags/ex_dag_v_1_0.py
[2021-08-06 09:01:07,068] {logging_mixin.py:104} INFO - [2021-08-06 09:01:07,068] {dag.py:1832} INFO - Sync 1 DAGs
[2021-08-06 09:01:07,089] {logging_mixin.py:104} INFO - [2021-08-06 09:01:07,089] {dag.py:2305} INFO - Setting next_dagrun for ex_dag_v_1_0 to 2021-08-06T09:02:00+00:00
[2021-08-06 09:01:07,101] {scheduler_job.py:190} INFO - Processing /opt/airflow/dags/ex_dag_v_1_0.py took 0.233 seconds
[2021-08-06 09:01:38,037] {scheduler_job.py:182} INFO - Started process (PID=7651) to work on /opt/airflow/dags/ex_dag_v_1_0.py
[2021-08-06 09:01:38,038] {scheduler_job.py:633} INFO - Processing file /opt/airflow/dags/ex_dag_v_1_0.py for tasks to queue
[2021-08-06 09:01:38,039] {logging_mixin.py:104} INFO - [2021-08-06 09:01:38,039] {dagbag.py:487} INFO - Filling up the DagBag from /opt/airflow/dags/ex_dag_v_1_0.py
[2021-08-06 09:01:38,052] {scheduler_job.py:643} INFO - DAG(s) dict_keys(['ex_dag_v_1_0']) retrieved from /opt/airflow/dags/ex_dag_v_1_0.py
[2021-08-06 09:01:38,259] {logging_mixin.py:104} INFO - [2021-08-06 09:01:38,259] {dag.py:1832} INFO - Sync 1 DAGs
[2021-08-06 09:01:38,278] {logging_mixin.py:104} INFO - [2021-08-06 09:01:38,278] {dag.py:2305} INFO - Setting next_dagrun for ex_dag_v_1_0 to 2021-08-06T09:02:00+00:00
[2021-08-06 09:01:38,287] {scheduler_job.py:190} INFO - Processing /opt/airflow/dags/ex_dag_v_1_0.py took 0.252 seconds
[2021-08-06 09:02:09,186] {scheduler_job.py:182} INFO - Started process (PID=7689) to work on /opt/airflow/dags/ex_dag_v_1_0.py
[2021-08-06 09:02:09,187] {scheduler_job.py:633} INFO - Processing file /opt/airflow/dags/ex_dag_v_1_0.py for tasks to queue
[2021-08-06 09:02:09,188] {logging_mixin.py:104} INFO - [2021-08-06 09:02:09,188] {dagbag.py:487} INFO - Filling up the DagBag from /opt/airflow/dags/ex_dag_v_1_0.py
[2021-08-06 09:02:09,201] {scheduler_job.py:643} INFO - DAG(s) dict_keys(['ex_dag_v_1_0']) retrieved from /opt/airflow/dags/ex_dag_v_1_0.py
[2021-08-06 09:02:09,383] {logging_mixin.py:104} INFO - [2021-08-06 09:02:09,382] {dag.py:1832} INFO - Sync 1 DAGs
[2021-08-06 09:02:09,402] {logging_mixin.py:104} INFO - [2021-08-06 09:02:09,402] {dag.py:2305} INFO - Setting next_dagrun for ex_dag_v_1_0 to 2021-08-06T09:03:00+00:00
[2021-08-06 09:02:09,411] {scheduler_job.py:190} INFO - Processing /opt/airflow/dags/ex_dag_v_1_0.py took 0.229 seconds
[2021-08-06 09:02:40,336] {scheduler_job.py:182} INFO - Started process (PID=7714) to work on /opt/airflow/dags/ex_dag_v_1_0.py
[2021-08-06 09:02:40,337] {scheduler_job.py:633} INFO - Processing file /opt/airflow/dags/ex_dag_v_1_0.py for tasks to queue
[2021-08-06 09:02:40,338] {logging_mixin.py:104} INFO - [2021-08-06 09:02:40,337] {dagbag.py:487} INFO - Filling up the DagBag from /opt/airflow/dags/ex_dag_v_1_0.py
[2021-08-06 09:02:40,353] {scheduler_job.py:643} INFO - DAG(s) dict_keys(['ex_dag_v_1_0']) retrieved from /opt/airflow/dags/ex_dag_v_1_0.py
[2021-08-06 09:02:40,563] {logging_mixin.py:104} INFO - [2021-08-06 09:02:40,563] {dag.py:1832} INFO - Sync 1 DAGs
[2021-08-06 09:02:40,585] {logging_mixin.py:104} INFO - [2021-08-06 09:02:40,585] {dag.py:2305} INFO - Setting next_dagrun for ex_dag_v_1_0 to 2021-08-06T09:03:00+00:00
[2021-08-06 09:02:40,595] {scheduler_job.py:190} INFO - Processing /opt/airflow/dags/ex_dag_v_1_0.py took 0.263 seconds
[2021-08-06 09:03:11,495] {scheduler_job.py:182} INFO - Started process (PID=7755) to work on /opt/airflow/dags/ex_dag_v_1_0.py
[2021-08-06 09:03:11,496] {scheduler_job.py:633} INFO - Processing file /opt/airflow/dags/ex_dag_v_1_0.py for tasks to queue
[2021-08-06 09:03:11,497] {logging_mixin.py:104} INFO - [2021-08-06 09:03:11,496] {dagbag.py:487} INFO - Filling up the DagBag from /opt/airflow/dags/ex_dag_v_1_0.py
[2021-08-06 09:03:11,511] {scheduler_job.py:643} INFO - DAG(s) dict_keys(['ex_dag_v_1_0']) retrieved from /opt/airflow/dags/ex_dag_v_1_0.py
[2021-08-06 09:03:11,684] {logging_mixin.py:104} INFO - [2021-08-06 09:03:11,684] {dag.py:1832} INFO - Sync 1 DAGs
[2021-08-06 09:03:11,704] {logging_mixin.py:104} INFO - [2021-08-06 09:03:11,704] {dag.py:2305} INFO - Setting next_dagrun for ex_dag_v_1_0 to 2021-08-06T09:02:00+00:00
[2021-08-06 09:03:11,713] {scheduler_job.py:190} INFO - Processing /opt/airflow/dags/ex_dag_v_1_0.py took 0.221 seconds
[2021-08-06 09:03:42,697] {scheduler_job.py:182} INFO - Started process (PID=7789) to work on /opt/airflow/dags/ex_dag_v_1_0.py
[2021-08-06 09:03:42,698] {scheduler_job.py:633} INFO - Processing file /opt/airflow/dags/ex_dag_v_1_0.py for tasks to queue
[2021-08-06 09:03:42,699] {logging_mixin.py:104} INFO - [2021-08-06 09:03:42,698] {dagbag.py:487} INFO - Filling up the DagBag from /opt/airflow/dags/ex_dag_v_1_0.py
[2021-08-06 09:03:42,713] {scheduler_job.py:643} INFO - DAG(s) dict_keys(['ex_dag_v_1_0']) retrieved from /opt/airflow/dags/ex_dag_v_1_0.py
[2021-08-06 09:03:42,779] {logging_mixin.py:104} INFO - [2021-08-06 09:03:42,778] {dag.py:1832} INFO - Sync 1 DAGs
[2021-08-06 09:03:42,804] {logging_mixin.py:104} INFO - [2021-08-06 09:03:42,804] {dag.py:2305} INFO - Setting next_dagrun for ex_dag_v_1_0 to 2021-08-06T09:03:00+00:00
[2021-08-06 09:03:42,813] {scheduler_job.py:190} INFO - Processing /opt/airflow/dags/ex_dag_v_1_0.py took 0.120 seconds
[2021-08-06 09:04:12,863] {scheduler_job.py:182} INFO - Started process (PID=7820) to work on /opt/airflow/dags/ex_dag_v_1_0.py
[2021-08-06 09:04:12,864] {scheduler_job.py:633} INFO - Processing file /opt/airflow/dags/ex_dag_v_1_0.py for tasks to queue
[2021-08-06 09:04:12,865] {logging_mixin.py:104} INFO - [2021-08-06 09:04:12,865] {dagbag.py:487} INFO - Filling up the DagBag from /opt/airflow/dags/ex_dag_v_1_0.py
[2021-08-06 09:04:12,876] {scheduler_job.py:643} INFO - DAG(s) dict_keys(['ex_dag_v_1_0']) retrieved from /opt/airflow/dags/ex_dag_v_1_0.py
[2021-08-06 09:04:12,893] {logging_mixin.py:104} INFO - [2021-08-06 09:04:12,893] {dag.py:1832} INFO - Sync 1 DAGs
[2021-08-06 09:04:12,911] {logging_mixin.py:104} INFO - [2021-08-06 09:04:12,911] {dag.py:2305} INFO - Setting next_dagrun for ex_dag_v_1_0 to 2021-08-06T09:04:00+00:00
[2021-08-06 09:04:12,919] {scheduler_job.py:190} INFO - Processing /opt/airflow/dags/ex_dag_v_1_0.py took 0.059 seconds
[2021-08-06 09:04:43,039] {scheduler_job.py:182} INFO - Started process (PID=7856) to work on /opt/airflow/dags/ex_dag_v_1_0.py
[2021-08-06 09:04:43,039] {scheduler_job.py:633} INFO - Processing file /opt/airflow/dags/ex_dag_v_1_0.py for tasks to queue
[2021-08-06 09:04:43,040] {logging_mixin.py:104} INFO - [2021-08-06 09:04:43,040] {dagbag.py:487} INFO - Filling up the DagBag from /opt/airflow/dags/ex_dag_v_1_0.py
[2021-08-06 09:04:43,053] {scheduler_job.py:643} INFO - DAG(s) dict_keys(['ex_dag_v_1_0']) retrieved from /opt/airflow/dags/ex_dag_v_1_0.py
[2021-08-06 09:04:43,073] {logging_mixin.py:104} INFO - [2021-08-06 09:04:43,073] {dag.py:1832} INFO - Sync 1 DAGs
[2021-08-06 09:04:43,094] {logging_mixin.py:104} INFO - [2021-08-06 09:04:43,094] {dag.py:2305} INFO - Setting next_dagrun for ex_dag_v_1_0 to 2021-08-06T09:04:00+00:00
[2021-08-06 09:04:43,102] {scheduler_job.py:190} INFO - Processing /opt/airflow/dags/ex_dag_v_1_0.py took 0.067 seconds
[2021-08-06 09:05:13,185] {scheduler_job.py:182} INFO - Started process (PID=7884) to work on /opt/airflow/dags/ex_dag_v_1_0.py
[2021-08-06 09:05:13,186] {scheduler_job.py:633} INFO - Processing file /opt/airflow/dags/ex_dag_v_1_0.py for tasks to queue
[2021-08-06 09:05:13,187] {logging_mixin.py:104} INFO - [2021-08-06 09:05:13,187] {dagbag.py:487} INFO - Filling up the DagBag from /opt/airflow/dags/ex_dag_v_1_0.py
[2021-08-06 09:05:13,199] {scheduler_job.py:643} INFO - DAG(s) dict_keys(['ex_dag_v_1_0']) retrieved from /opt/airflow/dags/ex_dag_v_1_0.py
[2021-08-06 09:05:13,218] {logging_mixin.py:104} INFO - [2021-08-06 09:05:13,218] {dag.py:1832} INFO - Sync 1 DAGs
[2021-08-06 09:05:13,240] {logging_mixin.py:104} INFO - [2021-08-06 09:05:13,239] {dag.py:2305} INFO - Setting next_dagrun for ex_dag_v_1_0 to 2021-08-06T09:05:00+00:00
[2021-08-06 09:05:13,249] {scheduler_job.py:190} INFO - Processing /opt/airflow/dags/ex_dag_v_1_0.py took 0.067 seconds
[2021-08-06 09:05:43,338] {scheduler_job.py:182} INFO - Started process (PID=7925) to work on /opt/airflow/dags/ex_dag_v_1_0.py
[2021-08-06 09:05:43,339] {scheduler_job.py:633} INFO - Processing file /opt/airflow/dags/ex_dag_v_1_0.py for tasks to queue
[2021-08-06 09:05:43,340] {logging_mixin.py:104} INFO - [2021-08-06 09:05:43,340] {dagbag.py:487} INFO - Filling up the DagBag from /opt/airflow/dags/ex_dag_v_1_0.py
[2021-08-06 09:05:43,351] {scheduler_job.py:643} INFO - DAG(s) dict_keys(['ex_dag_v_1_0']) retrieved from /opt/airflow/dags/ex_dag_v_1_0.py
[2021-08-06 09:05:43,368] {logging_mixin.py:104} INFO - [2021-08-06 09:05:43,368] {dag.py:1832} INFO - Sync 1 DAGs
[2021-08-06 09:05:43,385] {logging_mixin.py:104} INFO - [2021-08-06 09:05:43,385] {dag.py:2305} INFO - Setting next_dagrun for ex_dag_v_1_0 to 2021-08-06T09:05:00+00:00
[2021-08-06 09:05:43,391] {scheduler_job.py:190} INFO - Processing /opt/airflow/dags/ex_dag_v_1_0.py took 0.056 seconds
[2021-08-06 09:06:13,488] {scheduler_job.py:182} INFO - Started process (PID=7954) to work on /opt/airflow/dags/ex_dag_v_1_0.py
[2021-08-06 09:06:13,488] {scheduler_job.py:633} INFO - Processing file /opt/airflow/dags/ex_dag_v_1_0.py for tasks to queue
[2021-08-06 09:06:13,489] {logging_mixin.py:104} INFO - [2021-08-06 09:06:13,489] {dagbag.py:487} INFO - Filling up the DagBag from /opt/airflow/dags/ex_dag_v_1_0.py
[2021-08-06 09:06:13,500] {scheduler_job.py:643} INFO - DAG(s) dict_keys(['ex_dag_v_1_0']) retrieved from /opt/airflow/dags/ex_dag_v_1_0.py
[2021-08-06 09:06:13,525] {logging_mixin.py:104} INFO - [2021-08-06 09:06:13,525] {dag.py:1832} INFO - Sync 1 DAGs
[2021-08-06 09:06:13,541] {logging_mixin.py:104} INFO - [2021-08-06 09:06:13,541] {dag.py:2305} INFO - Setting next_dagrun for ex_dag_v_1_0 to 2021-08-06T09:06:00+00:00
[2021-08-06 09:06:13,548] {scheduler_job.py:190} INFO - Processing /opt/airflow/dags/ex_dag_v_1_0.py took 0.064 seconds
[2021-08-06 09:06:43,639] {scheduler_job.py:182} INFO - Started process (PID=7999) to work on /opt/airflow/dags/ex_dag_v_1_0.py
[2021-08-06 09:06:43,640] {scheduler_job.py:633} INFO - Processing file /opt/airflow/dags/ex_dag_v_1_0.py for tasks to queue
[2021-08-06 09:06:43,641] {logging_mixin.py:104} INFO - [2021-08-06 09:06:43,640] {dagbag.py:487} INFO - Filling up the DagBag from /opt/airflow/dags/ex_dag_v_1_0.py
[2021-08-06 09:06:43,653] {scheduler_job.py:643} INFO - DAG(s) dict_keys(['ex_dag_v_1_0']) retrieved from /opt/airflow/dags/ex_dag_v_1_0.py
[2021-08-06 09:06:43,672] {logging_mixin.py:104} INFO - [2021-08-06 09:06:43,672] {dag.py:1832} INFO - Sync 1 DAGs
[2021-08-06 09:06:43,695] {logging_mixin.py:104} INFO - [2021-08-06 09:06:43,694] {dag.py:2305} INFO - Setting next_dagrun for ex_dag_v_1_0 to 2021-08-06T09:06:00+00:00
[2021-08-06 09:06:43,702] {scheduler_job.py:190} INFO - Processing /opt/airflow/dags/ex_dag_v_1_0.py took 0.066 seconds
[2021-08-06 09:07:13,781] {scheduler_job.py:182} INFO - Started process (PID=8039) to work on /opt/airflow/dags/ex_dag_v_1_0.py
[2021-08-06 09:07:13,782] {scheduler_job.py:633} INFO - Processing file /opt/airflow/dags/ex_dag_v_1_0.py for tasks to queue
[2021-08-06 09:07:13,782] {logging_mixin.py:104} INFO - [2021-08-06 09:07:13,782] {dagbag.py:487} INFO - Filling up the DagBag from /opt/airflow/dags/ex_dag_v_1_0.py
[2021-08-06 09:07:13,794] {scheduler_job.py:643} INFO - DAG(s) dict_keys(['ex_dag_v_1_0']) retrieved from /opt/airflow/dags/ex_dag_v_1_0.py
[2021-08-06 09:07:13,813] {logging_mixin.py:104} INFO - [2021-08-06 09:07:13,813] {dag.py:1832} INFO - Sync 1 DAGs
[2021-08-06 09:07:13,832] {logging_mixin.py:104} INFO - [2021-08-06 09:07:13,831] {dag.py:2305} INFO - Setting next_dagrun for ex_dag_v_1_0 to 2021-08-06T09:07:00+00:00
[2021-08-06 09:07:13,839] {scheduler_job.py:190} INFO - Processing /opt/airflow/dags/ex_dag_v_1_0.py took 0.061 seconds
[2021-08-06 09:07:44,121] {scheduler_job.py:182} INFO - Started process (PID=8065) to work on /opt/airflow/dags/ex_dag_v_1_0.py
[2021-08-06 09:07:44,122] {scheduler_job.py:633} INFO - Processing file /opt/airflow/dags/ex_dag_v_1_0.py for tasks to queue
[2021-08-06 09:07:44,122] {logging_mixin.py:104} INFO - [2021-08-06 09:07:44,122] {dagbag.py:487} INFO - Filling up the DagBag from /opt/airflow/dags/ex_dag_v_1_0.py
[2021-08-06 09:07:44,135] {scheduler_job.py:643} INFO - DAG(s) dict_keys(['ex_dag_v_1_0']) retrieved from /opt/airflow/dags/ex_dag_v_1_0.py
[2021-08-06 09:07:44,153] {logging_mixin.py:104} INFO - [2021-08-06 09:07:44,153] {dag.py:1832} INFO - Sync 1 DAGs
[2021-08-06 09:07:44,170] {logging_mixin.py:104} INFO - [2021-08-06 09:07:44,170] {dag.py:2305} INFO - Setting next_dagrun for ex_dag_v_1_0 to 2021-08-06T09:07:00+00:00
[2021-08-06 09:07:44,177] {scheduler_job.py:190} INFO - Processing /opt/airflow/dags/ex_dag_v_1_0.py took 0.060 seconds
[2021-08-06 09:08:14,269] {scheduler_job.py:182} INFO - Started process (PID=8106) to work on /opt/airflow/dags/ex_dag_v_1_0.py
[2021-08-06 09:08:14,269] {scheduler_job.py:633} INFO - Processing file /opt/airflow/dags/ex_dag_v_1_0.py for tasks to queue
[2021-08-06 09:08:14,270] {logging_mixin.py:104} INFO - [2021-08-06 09:08:14,270] {dagbag.py:487} INFO - Filling up the DagBag from /opt/airflow/dags/ex_dag_v_1_0.py
[2021-08-06 09:08:14,281] {scheduler_job.py:643} INFO - DAG(s) dict_keys(['ex_dag_v_1_0']) retrieved from /opt/airflow/dags/ex_dag_v_1_0.py
[2021-08-06 09:08:14,299] {logging_mixin.py:104} INFO - [2021-08-06 09:08:14,299] {dag.py:1832} INFO - Sync 1 DAGs
[2021-08-06 09:08:14,318] {logging_mixin.py:104} INFO - [2021-08-06 09:08:14,317] {dag.py:2305} INFO - Setting next_dagrun for ex_dag_v_1_0 to 2021-08-06T09:08:00+00:00
[2021-08-06 09:08:14,325] {scheduler_job.py:190} INFO - Processing /opt/airflow/dags/ex_dag_v_1_0.py took 0.059 seconds
[2021-08-06 09:08:44,402] {scheduler_job.py:182} INFO - Started process (PID=8132) to work on /opt/airflow/dags/ex_dag_v_1_0.py
[2021-08-06 09:08:44,403] {scheduler_job.py:633} INFO - Processing file /opt/airflow/dags/ex_dag_v_1_0.py for tasks to queue
[2021-08-06 09:08:44,404] {logging_mixin.py:104} INFO - [2021-08-06 09:08:44,404] {dagbag.py:487} INFO - Filling up the DagBag from /opt/airflow/dags/ex_dag_v_1_0.py
[2021-08-06 09:08:44,415] {scheduler_job.py:643} INFO - DAG(s) dict_keys(['ex_dag_v_1_0']) retrieved from /opt/airflow/dags/ex_dag_v_1_0.py
[2021-08-06 09:08:44,433] {logging_mixin.py:104} INFO - [2021-08-06 09:08:44,433] {dag.py:1832} INFO - Sync 1 DAGs
[2021-08-06 09:08:44,451] {logging_mixin.py:104} INFO - [2021-08-06 09:08:44,451] {dag.py:2305} INFO - Setting next_dagrun for ex_dag_v_1_0 to 2021-08-06T09:08:00+00:00
[2021-08-06 09:08:44,459] {scheduler_job.py:190} INFO - Processing /opt/airflow/dags/ex_dag_v_1_0.py took 0.060 seconds
[2021-08-06 09:09:14,586] {scheduler_job.py:182} INFO - Started process (PID=8169) to work on /opt/airflow/dags/ex_dag_v_1_0.py
[2021-08-06 09:09:14,587] {scheduler_job.py:633} INFO - Processing file /opt/airflow/dags/ex_dag_v_1_0.py for tasks to queue
[2021-08-06 09:09:14,587] {logging_mixin.py:104} INFO - [2021-08-06 09:09:14,587] {dagbag.py:487} INFO - Filling up the DagBag from /opt/airflow/dags/ex_dag_v_1_0.py
[2021-08-06 09:09:14,599] {scheduler_job.py:643} INFO - DAG(s) dict_keys(['ex_dag_v_1_0']) retrieved from /opt/airflow/dags/ex_dag_v_1_0.py
[2021-08-06 09:09:14,617] {logging_mixin.py:104} INFO - [2021-08-06 09:09:14,617] {dag.py:1832} INFO - Sync 1 DAGs
[2021-08-06 09:09:14,637] {logging_mixin.py:104} INFO - [2021-08-06 09:09:14,637] {dag.py:2305} INFO - Setting next_dagrun for ex_dag_v_1_0 to 2021-08-06T09:09:00+00:00
[2021-08-06 09:09:14,645] {scheduler_job.py:190} INFO - Processing /opt/airflow/dags/ex_dag_v_1_0.py took 0.062 seconds
[2021-08-06 09:09:44,734] {scheduler_job.py:182} INFO - Started process (PID=8206) to work on /opt/airflow/dags/ex_dag_v_1_0.py
[2021-08-06 09:09:44,736] {scheduler_job.py:633} INFO - Processing file /opt/airflow/dags/ex_dag_v_1_0.py for tasks to queue
[2021-08-06 09:09:44,737] {logging_mixin.py:104} INFO - [2021-08-06 09:09:44,737] {dagbag.py:487} INFO - Filling up the DagBag from /opt/airflow/dags/ex_dag_v_1_0.py
[2021-08-06 09:09:44,751] {scheduler_job.py:643} INFO - DAG(s) dict_keys(['ex_dag_v_1_0']) retrieved from /opt/airflow/dags/ex_dag_v_1_0.py
[2021-08-06 09:09:44,770] {logging_mixin.py:104} INFO - [2021-08-06 09:09:44,770] {dag.py:1832} INFO - Sync 1 DAGs
[2021-08-06 09:09:44,792] {logging_mixin.py:104} INFO - [2021-08-06 09:09:44,792] {dag.py:2305} INFO - Setting next_dagrun for ex_dag_v_1_0 to 2021-08-06T09:09:00+00:00
[2021-08-06 09:09:44,799] {scheduler_job.py:190} INFO - Processing /opt/airflow/dags/ex_dag_v_1_0.py took 0.069 seconds
[2021-08-06 09:10:14,883] {scheduler_job.py:182} INFO - Started process (PID=8236) to work on /opt/airflow/dags/ex_dag_v_1_0.py
[2021-08-06 09:10:14,883] {scheduler_job.py:633} INFO - Processing file /opt/airflow/dags/ex_dag_v_1_0.py for tasks to queue
[2021-08-06 09:10:14,884] {logging_mixin.py:104} INFO - [2021-08-06 09:10:14,884] {dagbag.py:487} INFO - Filling up the DagBag from /opt/airflow/dags/ex_dag_v_1_0.py
[2021-08-06 09:10:14,895] {scheduler_job.py:643} INFO - DAG(s) dict_keys(['ex_dag_v_1_0']) retrieved from /opt/airflow/dags/ex_dag_v_1_0.py
[2021-08-06 09:10:14,916] {logging_mixin.py:104} INFO - [2021-08-06 09:10:14,916] {dag.py:1832} INFO - Sync 1 DAGs
[2021-08-06 09:10:14,934] {logging_mixin.py:104} INFO - [2021-08-06 09:10:14,934] {dag.py:2305} INFO - Setting next_dagrun for ex_dag_v_1_0 to 2021-08-06T09:10:00+00:00
[2021-08-06 09:10:14,941] {scheduler_job.py:190} INFO - Processing /opt/airflow/dags/ex_dag_v_1_0.py took 0.062 seconds
[2021-08-06 09:10:45,074] {scheduler_job.py:182} INFO - Started process (PID=8274) to work on /opt/airflow/dags/ex_dag_v_1_0.py
[2021-08-06 09:10:45,075] {scheduler_job.py:633} INFO - Processing file /opt/airflow/dags/ex_dag_v_1_0.py for tasks to queue
[2021-08-06 09:10:45,076] {logging_mixin.py:104} INFO - [2021-08-06 09:10:45,075] {dagbag.py:487} INFO - Filling up the DagBag from /opt/airflow/dags/ex_dag_v_1_0.py
[2021-08-06 09:10:45,087] {scheduler_job.py:643} INFO - DAG(s) dict_keys(['ex_dag_v_1_0']) retrieved from /opt/airflow/dags/ex_dag_v_1_0.py
[2021-08-06 09:10:45,105] {logging_mixin.py:104} INFO - [2021-08-06 09:10:45,105] {dag.py:1832} INFO - Sync 1 DAGs
[2021-08-06 09:10:45,122] {logging_mixin.py:104} INFO - [2021-08-06 09:10:45,122] {dag.py:2305} INFO - Setting next_dagrun for ex_dag_v_1_0 to 2021-08-06T09:10:00+00:00
[2021-08-06 09:10:45,129] {scheduler_job.py:190} INFO - Processing /opt/airflow/dags/ex_dag_v_1_0.py took 0.064 seconds
[2021-08-06 09:11:15,219] {scheduler_job.py:182} INFO - Started process (PID=8300) to work on /opt/airflow/dags/ex_dag_v_1_0.py
[2021-08-06 09:11:15,221] {scheduler_job.py:633} INFO - Processing file /opt/airflow/dags/ex_dag_v_1_0.py for tasks to queue
[2021-08-06 09:11:15,222] {logging_mixin.py:104} INFO - [2021-08-06 09:11:15,222] {dagbag.py:487} INFO - Filling up the DagBag from /opt/airflow/dags/ex_dag_v_1_0.py
[2021-08-06 09:11:15,243] {scheduler_job.py:643} INFO - DAG(s) dict_keys(['ex_dag_v_1_0']) retrieved from /opt/airflow/dags/ex_dag_v_1_0.py
[2021-08-06 09:11:15,273] {logging_mixin.py:104} INFO - [2021-08-06 09:11:15,273] {dag.py:1832} INFO - Sync 1 DAGs
[2021-08-06 09:11:15,315] {logging_mixin.py:104} INFO - [2021-08-06 09:11:15,315] {dag.py:2305} INFO - Setting next_dagrun for ex_dag_v_1_0 to 2021-08-06T09:11:00+00:00
[2021-08-06 09:11:15,329] {scheduler_job.py:190} INFO - Processing /opt/airflow/dags/ex_dag_v_1_0.py took 0.115 seconds
[2021-08-06 09:11:45,365] {scheduler_job.py:182} INFO - Started process (PID=8335) to work on /opt/airflow/dags/ex_dag_v_1_0.py
[2021-08-06 09:11:45,366] {scheduler_job.py:633} INFO - Processing file /opt/airflow/dags/ex_dag_v_1_0.py for tasks to queue
[2021-08-06 09:11:45,366] {logging_mixin.py:104} INFO - [2021-08-06 09:11:45,366] {dagbag.py:487} INFO - Filling up the DagBag from /opt/airflow/dags/ex_dag_v_1_0.py
[2021-08-06 09:11:45,379] {scheduler_job.py:643} INFO - DAG(s) dict_keys(['ex_dag_v_1_0']) retrieved from /opt/airflow/dags/ex_dag_v_1_0.py
[2021-08-06 09:11:45,399] {logging_mixin.py:104} INFO - [2021-08-06 09:11:45,399] {dag.py:1832} INFO - Sync 1 DAGs
[2021-08-06 09:11:45,425] {logging_mixin.py:104} INFO - [2021-08-06 09:11:45,425] {dag.py:2305} INFO - Setting next_dagrun for ex_dag_v_1_0 to 2021-08-06T09:11:00+00:00
[2021-08-06 09:11:45,434] {scheduler_job.py:190} INFO - Processing /opt/airflow/dags/ex_dag_v_1_0.py took 0.073 seconds
[2021-08-06 09:12:15,521] {scheduler_job.py:182} INFO - Started process (PID=8363) to work on /opt/airflow/dags/ex_dag_v_1_0.py
[2021-08-06 09:12:15,522] {scheduler_job.py:633} INFO - Processing file /opt/airflow/dags/ex_dag_v_1_0.py for tasks to queue
[2021-08-06 09:12:15,522] {logging_mixin.py:104} INFO - [2021-08-06 09:12:15,522] {dagbag.py:487} INFO - Filling up the DagBag from /opt/airflow/dags/ex_dag_v_1_0.py
[2021-08-06 09:12:15,534] {scheduler_job.py:643} INFO - DAG(s) dict_keys(['ex_dag_v_1_0']) retrieved from /opt/airflow/dags/ex_dag_v_1_0.py
[2021-08-06 09:12:15,562] {logging_mixin.py:104} INFO - [2021-08-06 09:12:15,561] {dag.py:1832} INFO - Sync 1 DAGs
[2021-08-06 09:12:15,579] {logging_mixin.py:104} INFO - [2021-08-06 09:12:15,579] {dag.py:2305} INFO - Setting next_dagrun for ex_dag_v_1_0 to 2021-08-06T09:12:00+00:00
[2021-08-06 09:12:15,585] {scheduler_job.py:190} INFO - Processing /opt/airflow/dags/ex_dag_v_1_0.py took 0.073 seconds
[2021-08-06 09:12:45,661] {scheduler_job.py:182} INFO - Started process (PID=8401) to work on /opt/airflow/dags/ex_dag_v_1_0.py
[2021-08-06 09:12:45,663] {scheduler_job.py:633} INFO - Processing file /opt/airflow/dags/ex_dag_v_1_0.py for tasks to queue
[2021-08-06 09:12:45,664] {logging_mixin.py:104} INFO - [2021-08-06 09:12:45,664] {dagbag.py:487} INFO - Filling up the DagBag from /opt/airflow/dags/ex_dag_v_1_0.py
[2021-08-06 09:12:45,678] {scheduler_job.py:643} INFO - DAG(s) dict_keys(['ex_dag_v_1_0']) retrieved from /opt/airflow/dags/ex_dag_v_1_0.py
[2021-08-06 09:12:45,696] {logging_mixin.py:104} INFO - [2021-08-06 09:12:45,696] {dag.py:1832} INFO - Sync 1 DAGs
[2021-08-06 09:12:45,719] {logging_mixin.py:104} INFO - [2021-08-06 09:12:45,719] {dag.py:2305} INFO - Setting next_dagrun for ex_dag_v_1_0 to 2021-08-06T09:12:00+00:00
[2021-08-06 09:12:45,726] {scheduler_job.py:190} INFO - Processing /opt/airflow/dags/ex_dag_v_1_0.py took 0.069 seconds
[2021-08-06 09:13:15,823] {scheduler_job.py:182} INFO - Started process (PID=8438) to work on /opt/airflow/dags/ex_dag_v_1_0.py
[2021-08-06 09:13:15,826] {scheduler_job.py:633} INFO - Processing file /opt/airflow/dags/ex_dag_v_1_0.py for tasks to queue
[2021-08-06 09:13:15,826] {logging_mixin.py:104} INFO - [2021-08-06 09:13:15,826] {dagbag.py:487} INFO - Filling up the DagBag from /opt/airflow/dags/ex_dag_v_1_0.py
[2021-08-06 09:13:15,838] {scheduler_job.py:643} INFO - DAG(s) dict_keys(['ex_dag_v_1_0']) retrieved from /opt/airflow/dags/ex_dag_v_1_0.py
[2021-08-06 09:13:15,856] {logging_mixin.py:104} INFO - [2021-08-06 09:13:15,856] {dag.py:1832} INFO - Sync 1 DAGs
[2021-08-06 09:13:15,876] {logging_mixin.py:104} INFO - [2021-08-06 09:13:15,876] {dag.py:2305} INFO - Setting next_dagrun for ex_dag_v_1_0 to 2021-08-06T09:13:00+00:00
[2021-08-06 09:13:15,884] {scheduler_job.py:190} INFO - Processing /opt/airflow/dags/ex_dag_v_1_0.py took 0.064 seconds
[2021-08-06 09:13:46,031] {scheduler_job.py:182} INFO - Started process (PID=8471) to work on /opt/airflow/dags/ex_dag_v_1_0.py
[2021-08-06 09:13:46,032] {scheduler_job.py:633} INFO - Processing file /opt/airflow/dags/ex_dag_v_1_0.py for tasks to queue
[2021-08-06 09:13:46,032] {logging_mixin.py:104} INFO - [2021-08-06 09:13:46,032] {dagbag.py:487} INFO - Filling up the DagBag from /opt/airflow/dags/ex_dag_v_1_0.py
[2021-08-06 09:13:46,046] {scheduler_job.py:643} INFO - DAG(s) dict_keys(['ex_dag_v_1_0']) retrieved from /opt/airflow/dags/ex_dag_v_1_0.py
[2021-08-06 09:13:46,067] {logging_mixin.py:104} INFO - [2021-08-06 09:13:46,067] {dag.py:1832} INFO - Sync 1 DAGs
[2021-08-06 09:13:46,090] {logging_mixin.py:104} INFO - [2021-08-06 09:13:46,090] {dag.py:2305} INFO - Setting next_dagrun for ex_dag_v_1_0 to 2021-08-06T09:13:00+00:00
[2021-08-06 09:13:46,100] {scheduler_job.py:190} INFO - Processing /opt/airflow/dags/ex_dag_v_1_0.py took 0.073 seconds
[2021-08-06 09:14:16,189] {scheduler_job.py:182} INFO - Started process (PID=8509) to work on /opt/airflow/dags/ex_dag_v_1_0.py
[2021-08-06 09:14:16,189] {scheduler_job.py:633} INFO - Processing file /opt/airflow/dags/ex_dag_v_1_0.py for tasks to queue
[2021-08-06 09:14:16,190] {logging_mixin.py:104} INFO - [2021-08-06 09:14:16,190] {dagbag.py:487} INFO - Filling up the DagBag from /opt/airflow/dags/ex_dag_v_1_0.py
[2021-08-06 09:14:16,200] {scheduler_job.py:643} INFO - DAG(s) dict_keys(['ex_dag_v_1_0']) retrieved from /opt/airflow/dags/ex_dag_v_1_0.py
[2021-08-06 09:14:16,216] {logging_mixin.py:104} INFO - [2021-08-06 09:14:16,216] {dag.py:1832} INFO - Sync 1 DAGs
[2021-08-06 09:14:16,232] {logging_mixin.py:104} INFO - [2021-08-06 09:14:16,232] {dag.py:2305} INFO - Setting next_dagrun for ex_dag_v_1_0 to 2021-08-06T09:14:00+00:00
[2021-08-06 09:14:16,239] {scheduler_job.py:190} INFO - Processing /opt/airflow/dags/ex_dag_v_1_0.py took 0.053 seconds
[2021-08-06 09:14:46,338] {scheduler_job.py:182} INFO - Started process (PID=8535) to work on /opt/airflow/dags/ex_dag_v_1_0.py
[2021-08-06 09:14:46,339] {scheduler_job.py:633} INFO - Processing file /opt/airflow/dags/ex_dag_v_1_0.py for tasks to queue
[2021-08-06 09:14:46,339] {logging_mixin.py:104} INFO - [2021-08-06 09:14:46,339] {dagbag.py:487} INFO - Filling up the DagBag from /opt/airflow/dags/ex_dag_v_1_0.py
[2021-08-06 09:14:46,350] {scheduler_job.py:643} INFO - DAG(s) dict_keys(['ex_dag_v_1_0']) retrieved from /opt/airflow/dags/ex_dag_v_1_0.py
[2021-08-06 09:14:46,369] {logging_mixin.py:104} INFO - [2021-08-06 09:14:46,369] {dag.py:1832} INFO - Sync 1 DAGs
[2021-08-06 09:14:46,398] {logging_mixin.py:104} INFO - [2021-08-06 09:14:46,398] {dag.py:2305} INFO - Setting next_dagrun for ex_dag_v_1_0 to 2021-08-06T09:14:00+00:00
[2021-08-06 09:14:46,418] {scheduler_job.py:190} INFO - Processing /opt/airflow/dags/ex_dag_v_1_0.py took 0.084 seconds
[2021-08-06 09:15:16,486] {scheduler_job.py:182} INFO - Started process (PID=8571) to work on /opt/airflow/dags/ex_dag_v_1_0.py
[2021-08-06 09:15:16,487] {scheduler_job.py:633} INFO - Processing file /opt/airflow/dags/ex_dag_v_1_0.py for tasks to queue
[2021-08-06 09:15:16,488] {logging_mixin.py:104} INFO - [2021-08-06 09:15:16,488] {dagbag.py:487} INFO - Filling up the DagBag from /opt/airflow/dags/ex_dag_v_1_0.py
[2021-08-06 09:15:16,502] {scheduler_job.py:643} INFO - DAG(s) dict_keys(['ex_dag_v_1_0']) retrieved from /opt/airflow/dags/ex_dag_v_1_0.py
[2021-08-06 09:15:16,551] {logging_mixin.py:104} INFO - [2021-08-06 09:15:16,547] {dag.py:1832} INFO - Sync 1 DAGs
[2021-08-06 09:15:16,572] {logging_mixin.py:104} INFO - [2021-08-06 09:15:16,572] {dag.py:2305} INFO - Setting next_dagrun for ex_dag_v_1_0 to 2021-08-06T09:15:00+00:00
[2021-08-06 09:15:16,580] {scheduler_job.py:190} INFO - Processing /opt/airflow/dags/ex_dag_v_1_0.py took 0.097 seconds
[2021-08-06 09:15:46,638] {scheduler_job.py:182} INFO - Started process (PID=8604) to work on /opt/airflow/dags/ex_dag_v_1_0.py
[2021-08-06 09:15:46,640] {scheduler_job.py:633} INFO - Processing file /opt/airflow/dags/ex_dag_v_1_0.py for tasks to queue
[2021-08-06 09:15:46,640] {logging_mixin.py:104} INFO - [2021-08-06 09:15:46,640] {dagbag.py:487} INFO - Filling up the DagBag from /opt/airflow/dags/ex_dag_v_1_0.py
[2021-08-06 09:15:46,651] {scheduler_job.py:643} INFO - DAG(s) dict_keys(['ex_dag_v_1_0']) retrieved from /opt/airflow/dags/ex_dag_v_1_0.py
[2021-08-06 09:15:46,669] {logging_mixin.py:104} INFO - [2021-08-06 09:15:46,668] {dag.py:1832} INFO - Sync 1 DAGs
[2021-08-06 09:15:46,687] {logging_mixin.py:104} INFO - [2021-08-06 09:15:46,687] {dag.py:2305} INFO - Setting next_dagrun for ex_dag_v_1_0 to 2021-08-06T09:15:00+00:00
[2021-08-06 09:15:46,694] {scheduler_job.py:190} INFO - Processing /opt/airflow/dags/ex_dag_v_1_0.py took 0.059 seconds
[2021-08-06 09:16:16,786] {scheduler_job.py:182} INFO - Started process (PID=8633) to work on /opt/airflow/dags/ex_dag_v_1_0.py
[2021-08-06 09:16:16,786] {scheduler_job.py:633} INFO - Processing file /opt/airflow/dags/ex_dag_v_1_0.py for tasks to queue
[2021-08-06 09:16:16,787] {logging_mixin.py:104} INFO - [2021-08-06 09:16:16,787] {dagbag.py:487} INFO - Filling up the DagBag from /opt/airflow/dags/ex_dag_v_1_0.py
[2021-08-06 09:16:16,797] {scheduler_job.py:643} INFO - DAG(s) dict_keys(['ex_dag_v_1_0']) retrieved from /opt/airflow/dags/ex_dag_v_1_0.py
[2021-08-06 09:16:16,813] {logging_mixin.py:104} INFO - [2021-08-06 09:16:16,813] {dag.py:1832} INFO - Sync 1 DAGs
[2021-08-06 09:16:16,831] {logging_mixin.py:104} INFO - [2021-08-06 09:16:16,831] {dag.py:2305} INFO - Setting next_dagrun for ex_dag_v_1_0 to 2021-08-06T09:16:00+00:00
[2021-08-06 09:16:16,837] {scheduler_job.py:190} INFO - Processing /opt/airflow/dags/ex_dag_v_1_0.py took 0.055 seconds
[2021-08-06 09:16:46,945] {scheduler_job.py:182} INFO - Started process (PID=8671) to work on /opt/airflow/dags/ex_dag_v_1_0.py
[2021-08-06 09:16:46,946] {scheduler_job.py:633} INFO - Processing file /opt/airflow/dags/ex_dag_v_1_0.py for tasks to queue
[2021-08-06 09:16:46,946] {logging_mixin.py:104} INFO - [2021-08-06 09:16:46,946] {dagbag.py:487} INFO - Filling up the DagBag from /opt/airflow/dags/ex_dag_v_1_0.py
[2021-08-06 09:16:46,958] {scheduler_job.py:643} INFO - DAG(s) dict_keys(['ex_dag_v_1_0']) retrieved from /opt/airflow/dags/ex_dag_v_1_0.py
[2021-08-06 09:16:46,976] {logging_mixin.py:104} INFO - [2021-08-06 09:16:46,976] {dag.py:1832} INFO - Sync 1 DAGs
[2021-08-06 09:16:46,995] {logging_mixin.py:104} INFO - [2021-08-06 09:16:46,995] {dag.py:2305} INFO - Setting next_dagrun for ex_dag_v_1_0 to 2021-08-06T09:16:00+00:00
[2021-08-06 09:16:47,002] {scheduler_job.py:190} INFO - Processing /opt/airflow/dags/ex_dag_v_1_0.py took 0.060 seconds
[2021-08-06 09:17:17,098] {scheduler_job.py:182} INFO - Started process (PID=8696) to work on /opt/airflow/dags/ex_dag_v_1_0.py
[2021-08-06 09:17:17,099] {scheduler_job.py:633} INFO - Processing file /opt/airflow/dags/ex_dag_v_1_0.py for tasks to queue
[2021-08-06 09:17:17,100] {logging_mixin.py:104} INFO - [2021-08-06 09:17:17,100] {dagbag.py:487} INFO - Filling up the DagBag from /opt/airflow/dags/ex_dag_v_1_0.py
[2021-08-06 09:17:17,110] {scheduler_job.py:643} INFO - DAG(s) dict_keys(['ex_dag_v_1_0']) retrieved from /opt/airflow/dags/ex_dag_v_1_0.py
[2021-08-06 09:17:17,129] {logging_mixin.py:104} INFO - [2021-08-06 09:17:17,129] {dag.py:1832} INFO - Sync 1 DAGs
[2021-08-06 09:17:17,151] {logging_mixin.py:104} INFO - [2021-08-06 09:17:17,151] {dag.py:2305} INFO - Setting next_dagrun for ex_dag_v_1_0 to 2021-08-06T09:17:00+00:00
[2021-08-06 09:17:17,158] {scheduler_job.py:190} INFO - Processing /opt/airflow/dags/ex_dag_v_1_0.py took 0.062 seconds
[2021-08-06 09:17:47,236] {scheduler_job.py:182} INFO - Started process (PID=8735) to work on /opt/airflow/dags/ex_dag_v_1_0.py
[2021-08-06 09:17:47,237] {scheduler_job.py:633} INFO - Processing file /opt/airflow/dags/ex_dag_v_1_0.py for tasks to queue
[2021-08-06 09:17:47,237] {logging_mixin.py:104} INFO - [2021-08-06 09:17:47,237] {dagbag.py:487} INFO - Filling up the DagBag from /opt/airflow/dags/ex_dag_v_1_0.py
[2021-08-06 09:17:47,247] {scheduler_job.py:643} INFO - DAG(s) dict_keys(['ex_dag_v_1_0']) retrieved from /opt/airflow/dags/ex_dag_v_1_0.py
[2021-08-06 09:17:47,263] {logging_mixin.py:104} INFO - [2021-08-06 09:17:47,263] {dag.py:1832} INFO - Sync 1 DAGs
[2021-08-06 09:17:47,281] {logging_mixin.py:104} INFO - [2021-08-06 09:17:47,281] {dag.py:2305} INFO - Setting next_dagrun for ex_dag_v_1_0 to 2021-08-06T09:17:00+00:00
[2021-08-06 09:17:47,289] {scheduler_job.py:190} INFO - Processing /opt/airflow/dags/ex_dag_v_1_0.py took 0.055 seconds
[2021-08-06 09:18:17,420] {scheduler_job.py:182} INFO - Started process (PID=8762) to work on /opt/airflow/dags/ex_dag_v_1_0.py
[2021-08-06 09:18:17,421] {scheduler_job.py:633} INFO - Processing file /opt/airflow/dags/ex_dag_v_1_0.py for tasks to queue
[2021-08-06 09:18:17,421] {logging_mixin.py:104} INFO - [2021-08-06 09:18:17,421] {dagbag.py:487} INFO - Filling up the DagBag from /opt/airflow/dags/ex_dag_v_1_0.py
[2021-08-06 09:18:17,432] {scheduler_job.py:643} INFO - DAG(s) dict_keys(['ex_dag_v_1_0']) retrieved from /opt/airflow/dags/ex_dag_v_1_0.py
[2021-08-06 09:18:17,448] {logging_mixin.py:104} INFO - [2021-08-06 09:18:17,448] {dag.py:1832} INFO - Sync 1 DAGs
[2021-08-06 09:18:17,465] {logging_mixin.py:104} INFO - [2021-08-06 09:18:17,465] {dag.py:2305} INFO - Setting next_dagrun for ex_dag_v_1_0 to 2021-08-06T09:18:00+00:00
[2021-08-06 09:18:17,472] {scheduler_job.py:190} INFO - Processing /opt/airflow/dags/ex_dag_v_1_0.py took 0.055 seconds
[2021-08-06 09:18:47,586] {scheduler_job.py:182} INFO - Started process (PID=8802) to work on /opt/airflow/dags/ex_dag_v_1_0.py
[2021-08-06 09:18:47,587] {scheduler_job.py:633} INFO - Processing file /opt/airflow/dags/ex_dag_v_1_0.py for tasks to queue
[2021-08-06 09:18:47,588] {logging_mixin.py:104} INFO - [2021-08-06 09:18:47,588] {dagbag.py:487} INFO - Filling up the DagBag from /opt/airflow/dags/ex_dag_v_1_0.py
[2021-08-06 09:18:47,601] {scheduler_job.py:643} INFO - DAG(s) dict_keys(['ex_dag_v_1_0']) retrieved from /opt/airflow/dags/ex_dag_v_1_0.py
[2021-08-06 09:18:47,621] {logging_mixin.py:104} INFO - [2021-08-06 09:18:47,621] {dag.py:1832} INFO - Sync 1 DAGs
[2021-08-06 09:18:47,645] {logging_mixin.py:104} INFO - [2021-08-06 09:18:47,645] {dag.py:2305} INFO - Setting next_dagrun for ex_dag_v_1_0 to 2021-08-06T09:18:00+00:00
[2021-08-06 09:18:47,654] {scheduler_job.py:190} INFO - Processing /opt/airflow/dags/ex_dag_v_1_0.py took 0.070 seconds
[2021-08-06 09:19:17,769] {scheduler_job.py:182} INFO - Started process (PID=8836) to work on /opt/airflow/dags/ex_dag_v_1_0.py
[2021-08-06 09:19:17,770] {scheduler_job.py:633} INFO - Processing file /opt/airflow/dags/ex_dag_v_1_0.py for tasks to queue
[2021-08-06 09:19:17,775] {logging_mixin.py:104} INFO - [2021-08-06 09:19:17,775] {dagbag.py:487} INFO - Filling up the DagBag from /opt/airflow/dags/ex_dag_v_1_0.py
[2021-08-06 09:19:17,801] {scheduler_job.py:643} INFO - DAG(s) dict_keys(['ex_dag_v_1_0']) retrieved from /opt/airflow/dags/ex_dag_v_1_0.py
[2021-08-06 09:19:17,832] {logging_mixin.py:104} INFO - [2021-08-06 09:19:17,832] {dag.py:1832} INFO - Sync 1 DAGs
[2021-08-06 09:19:17,877] {logging_mixin.py:104} INFO - [2021-08-06 09:19:17,877] {dag.py:2305} INFO - Setting next_dagrun for ex_dag_v_1_0 to 2021-08-06T09:19:00+00:00
[2021-08-06 09:19:17,896] {scheduler_job.py:190} INFO - Processing /opt/airflow/dags/ex_dag_v_1_0.py took 0.138 seconds
[2021-08-06 09:19:47,973] {scheduler_job.py:182} INFO - Started process (PID=8865) to work on /opt/airflow/dags/ex_dag_v_1_0.py
[2021-08-06 09:19:47,974] {scheduler_job.py:633} INFO - Processing file /opt/airflow/dags/ex_dag_v_1_0.py for tasks to queue
[2021-08-06 09:19:47,974] {logging_mixin.py:104} INFO - [2021-08-06 09:19:47,974] {dagbag.py:487} INFO - Filling up the DagBag from /opt/airflow/dags/ex_dag_v_1_0.py
[2021-08-06 09:19:47,987] {scheduler_job.py:643} INFO - DAG(s) dict_keys(['ex_dag_v_1_0']) retrieved from /opt/airflow/dags/ex_dag_v_1_0.py
[2021-08-06 09:19:48,005] {logging_mixin.py:104} INFO - [2021-08-06 09:19:48,004] {dag.py:1832} INFO - Sync 1 DAGs
[2021-08-06 09:19:48,023] {logging_mixin.py:104} INFO - [2021-08-06 09:19:48,023] {dag.py:2305} INFO - Setting next_dagrun for ex_dag_v_1_0 to 2021-08-06T09:19:00+00:00
[2021-08-06 09:19:48,030] {scheduler_job.py:190} INFO - Processing /opt/airflow/dags/ex_dag_v_1_0.py took 0.061 seconds
[2021-08-06 09:20:18,194] {scheduler_job.py:182} INFO - Started process (PID=8903) to work on /opt/airflow/dags/ex_dag_v_1_0.py
[2021-08-06 09:20:18,195] {scheduler_job.py:633} INFO - Processing file /opt/airflow/dags/ex_dag_v_1_0.py for tasks to queue
[2021-08-06 09:20:18,196] {logging_mixin.py:104} INFO - [2021-08-06 09:20:18,196] {dagbag.py:487} INFO - Filling up the DagBag from /opt/airflow/dags/ex_dag_v_1_0.py
[2021-08-06 09:20:18,207] {scheduler_job.py:643} INFO - DAG(s) dict_keys(['ex_dag_v_1_0']) retrieved from /opt/airflow/dags/ex_dag_v_1_0.py
[2021-08-06 09:20:18,226] {logging_mixin.py:104} INFO - [2021-08-06 09:20:18,226] {dag.py:1832} INFO - Sync 1 DAGs
[2021-08-06 09:20:18,245] {logging_mixin.py:104} INFO - [2021-08-06 09:20:18,245] {dag.py:2305} INFO - Setting next_dagrun for ex_dag_v_1_0 to 2021-08-06T09:20:00+00:00
[2021-08-06 09:20:18,253] {scheduler_job.py:190} INFO - Processing /opt/airflow/dags/ex_dag_v_1_0.py took 0.061 seconds
[2021-08-06 09:20:48,396] {scheduler_job.py:182} INFO - Started process (PID=8928) to work on /opt/airflow/dags/ex_dag_v_1_0.py
[2021-08-06 09:20:48,398] {scheduler_job.py:633} INFO - Processing file /opt/airflow/dags/ex_dag_v_1_0.py for tasks to queue
[2021-08-06 09:20:48,399] {logging_mixin.py:104} INFO - [2021-08-06 09:20:48,399] {dagbag.py:487} INFO - Filling up the DagBag from /opt/airflow/dags/ex_dag_v_1_0.py
[2021-08-06 09:20:48,412] {scheduler_job.py:643} INFO - DAG(s) dict_keys(['ex_dag_v_1_0']) retrieved from /opt/airflow/dags/ex_dag_v_1_0.py
[2021-08-06 09:20:48,434] {logging_mixin.py:104} INFO - [2021-08-06 09:20:48,434] {dag.py:1832} INFO - Sync 1 DAGs
[2021-08-06 09:20:48,460] {logging_mixin.py:104} INFO - [2021-08-06 09:20:48,460] {dag.py:2305} INFO - Setting next_dagrun for ex_dag_v_1_0 to 2021-08-06T09:20:00+00:00
[2021-08-06 09:20:48,469] {scheduler_job.py:190} INFO - Processing /opt/airflow/dags/ex_dag_v_1_0.py took 0.077 seconds
[2021-08-06 09:21:18,555] {scheduler_job.py:182} INFO - Started process (PID=8964) to work on /opt/airflow/dags/ex_dag_v_1_0.py
[2021-08-06 09:21:18,556] {scheduler_job.py:633} INFO - Processing file /opt/airflow/dags/ex_dag_v_1_0.py for tasks to queue
[2021-08-06 09:21:18,557] {logging_mixin.py:104} INFO - [2021-08-06 09:21:18,556] {dagbag.py:487} INFO - Filling up the DagBag from /opt/airflow/dags/ex_dag_v_1_0.py
[2021-08-06 09:21:18,566] {scheduler_job.py:643} INFO - DAG(s) dict_keys(['ex_dag_v_1_0']) retrieved from /opt/airflow/dags/ex_dag_v_1_0.py
[2021-08-06 09:21:18,582] {logging_mixin.py:104} INFO - [2021-08-06 09:21:18,582] {dag.py:1832} INFO - Sync 1 DAGs
[2021-08-06 09:21:18,599] {logging_mixin.py:104} INFO - [2021-08-06 09:21:18,598] {dag.py:2305} INFO - Setting next_dagrun for ex_dag_v_1_0 to 2021-08-06T09:21:00+00:00
[2021-08-06 09:21:18,605] {scheduler_job.py:190} INFO - Processing /opt/airflow/dags/ex_dag_v_1_0.py took 0.054 seconds
[2021-08-06 09:21:48,728] {scheduler_job.py:182} INFO - Started process (PID=8999) to work on /opt/airflow/dags/ex_dag_v_1_0.py
[2021-08-06 09:21:48,729] {scheduler_job.py:633} INFO - Processing file /opt/airflow/dags/ex_dag_v_1_0.py for tasks to queue
[2021-08-06 09:21:48,729] {logging_mixin.py:104} INFO - [2021-08-06 09:21:48,729] {dagbag.py:487} INFO - Filling up the DagBag from /opt/airflow/dags/ex_dag_v_1_0.py
[2021-08-06 09:21:48,746] {scheduler_job.py:643} INFO - DAG(s) dict_keys(['ex_dag_v_1_0']) retrieved from /opt/airflow/dags/ex_dag_v_1_0.py
[2021-08-06 09:21:48,772] {logging_mixin.py:104} INFO - [2021-08-06 09:21:48,772] {dag.py:1832} INFO - Sync 1 DAGs
[2021-08-06 09:21:48,798] {logging_mixin.py:104} INFO - [2021-08-06 09:21:48,798] {dag.py:2305} INFO - Setting next_dagrun for ex_dag_v_1_0 to 2021-08-06T09:21:00+00:00
[2021-08-06 09:21:48,808] {scheduler_job.py:190} INFO - Processing /opt/airflow/dags/ex_dag_v_1_0.py took 0.084 seconds
[2021-08-06 09:22:18,867] {scheduler_job.py:182} INFO - Started process (PID=9028) to work on /opt/airflow/dags/ex_dag_v_1_0.py
[2021-08-06 09:22:18,867] {scheduler_job.py:633} INFO - Processing file /opt/airflow/dags/ex_dag_v_1_0.py for tasks to queue
[2021-08-06 09:22:18,868] {logging_mixin.py:104} INFO - [2021-08-06 09:22:18,868] {dagbag.py:487} INFO - Filling up the DagBag from /opt/airflow/dags/ex_dag_v_1_0.py
[2021-08-06 09:22:18,879] {scheduler_job.py:643} INFO - DAG(s) dict_keys(['ex_dag_v_1_0']) retrieved from /opt/airflow/dags/ex_dag_v_1_0.py
[2021-08-06 09:22:18,897] {logging_mixin.py:104} INFO - [2021-08-06 09:22:18,897] {dag.py:1832} INFO - Sync 1 DAGs
[2021-08-06 09:22:18,916] {logging_mixin.py:104} INFO - [2021-08-06 09:22:18,915] {dag.py:2305} INFO - Setting next_dagrun for ex_dag_v_1_0 to 2021-08-06T09:22:00+00:00
[2021-08-06 09:22:18,923] {scheduler_job.py:190} INFO - Processing /opt/airflow/dags/ex_dag_v_1_0.py took 0.059 seconds
[2021-08-06 09:22:49,006] {scheduler_job.py:182} INFO - Started process (PID=9067) to work on /opt/airflow/dags/ex_dag_v_1_0.py
[2021-08-06 09:22:49,006] {scheduler_job.py:633} INFO - Processing file /opt/airflow/dags/ex_dag_v_1_0.py for tasks to queue
[2021-08-06 09:22:49,007] {logging_mixin.py:104} INFO - [2021-08-06 09:22:49,007] {dagbag.py:487} INFO - Filling up the DagBag from /opt/airflow/dags/ex_dag_v_1_0.py
[2021-08-06 09:22:49,027] {scheduler_job.py:643} INFO - DAG(s) dict_keys(['ex_dag_v_1_0']) retrieved from /opt/airflow/dags/ex_dag_v_1_0.py
[2021-08-06 09:22:49,050] {logging_mixin.py:104} INFO - [2021-08-06 09:22:49,049] {dag.py:1832} INFO - Sync 1 DAGs
[2021-08-06 09:22:49,072] {logging_mixin.py:104} INFO - [2021-08-06 09:22:49,071] {dag.py:2305} INFO - Setting next_dagrun for ex_dag_v_1_0 to 2021-08-06T09:22:00+00:00
[2021-08-06 09:22:49,081] {scheduler_job.py:190} INFO - Processing /opt/airflow/dags/ex_dag_v_1_0.py took 0.079 seconds
[2021-08-06 09:23:19,142] {scheduler_job.py:182} INFO - Started process (PID=9094) to work on /opt/airflow/dags/ex_dag_v_1_0.py
[2021-08-06 09:23:19,142] {scheduler_job.py:633} INFO - Processing file /opt/airflow/dags/ex_dag_v_1_0.py for tasks to queue
[2021-08-06 09:23:19,143] {logging_mixin.py:104} INFO - [2021-08-06 09:23:19,143] {dagbag.py:487} INFO - Filling up the DagBag from /opt/airflow/dags/ex_dag_v_1_0.py
[2021-08-06 09:23:19,154] {scheduler_job.py:643} INFO - DAG(s) dict_keys(['ex_dag_v_1_0']) retrieved from /opt/airflow/dags/ex_dag_v_1_0.py
[2021-08-06 09:23:19,173] {logging_mixin.py:104} INFO - [2021-08-06 09:23:19,173] {dag.py:1832} INFO - Sync 1 DAGs
[2021-08-06 09:23:19,191] {logging_mixin.py:104} INFO - [2021-08-06 09:23:19,191] {dag.py:2305} INFO - Setting next_dagrun for ex_dag_v_1_0 to 2021-08-06T09:23:00+00:00
[2021-08-06 09:23:19,198] {scheduler_job.py:190} INFO - Processing /opt/airflow/dags/ex_dag_v_1_0.py took 0.059 seconds
[2021-08-06 09:23:49,296] {scheduler_job.py:182} INFO - Started process (PID=9133) to work on /opt/airflow/dags/ex_dag_v_1_0.py
[2021-08-06 09:23:49,297] {scheduler_job.py:633} INFO - Processing file /opt/airflow/dags/ex_dag_v_1_0.py for tasks to queue
[2021-08-06 09:23:49,298] {logging_mixin.py:104} INFO - [2021-08-06 09:23:49,297] {dagbag.py:487} INFO - Filling up the DagBag from /opt/airflow/dags/ex_dag_v_1_0.py
[2021-08-06 09:23:49,309] {scheduler_job.py:643} INFO - DAG(s) dict_keys(['ex_dag_v_1_0']) retrieved from /opt/airflow/dags/ex_dag_v_1_0.py
[2021-08-06 09:23:49,326] {logging_mixin.py:104} INFO - [2021-08-06 09:23:49,326] {dag.py:1832} INFO - Sync 1 DAGs
[2021-08-06 09:23:49,344] {logging_mixin.py:104} INFO - [2021-08-06 09:23:49,344] {dag.py:2305} INFO - Setting next_dagrun for ex_dag_v_1_0 to 2021-08-06T09:23:00+00:00
[2021-08-06 09:23:49,352] {scheduler_job.py:190} INFO - Processing /opt/airflow/dags/ex_dag_v_1_0.py took 0.059 seconds
[2021-08-06 09:24:19,464] {scheduler_job.py:182} INFO - Started process (PID=9161) to work on /opt/airflow/dags/ex_dag_v_1_0.py
[2021-08-06 09:24:19,465] {scheduler_job.py:633} INFO - Processing file /opt/airflow/dags/ex_dag_v_1_0.py for tasks to queue
[2021-08-06 09:24:19,466] {logging_mixin.py:104} INFO - [2021-08-06 09:24:19,465] {dagbag.py:487} INFO - Filling up the DagBag from /opt/airflow/dags/ex_dag_v_1_0.py
[2021-08-06 09:24:19,475] {scheduler_job.py:643} INFO - DAG(s) dict_keys(['ex_dag_v_1_0']) retrieved from /opt/airflow/dags/ex_dag_v_1_0.py
[2021-08-06 09:24:19,489] {logging_mixin.py:104} INFO - [2021-08-06 09:24:19,489] {dag.py:1832} INFO - Sync 1 DAGs
[2021-08-06 09:24:19,506] {logging_mixin.py:104} INFO - [2021-08-06 09:24:19,506] {dag.py:2305} INFO - Setting next_dagrun for ex_dag_v_1_0 to 2021-08-06T09:24:00+00:00
[2021-08-06 09:24:19,512] {scheduler_job.py:190} INFO - Processing /opt/airflow/dags/ex_dag_v_1_0.py took 0.051 seconds
[2021-08-06 09:24:49,587] {scheduler_job.py:182} INFO - Started process (PID=9202) to work on /opt/airflow/dags/ex_dag_v_1_0.py
[2021-08-06 09:24:49,588] {scheduler_job.py:633} INFO - Processing file /opt/airflow/dags/ex_dag_v_1_0.py for tasks to queue
[2021-08-06 09:24:49,589] {logging_mixin.py:104} INFO - [2021-08-06 09:24:49,588] {dagbag.py:487} INFO - Filling up the DagBag from /opt/airflow/dags/ex_dag_v_1_0.py
[2021-08-06 09:24:49,600] {scheduler_job.py:643} INFO - DAG(s) dict_keys(['ex_dag_v_1_0']) retrieved from /opt/airflow/dags/ex_dag_v_1_0.py
[2021-08-06 09:24:49,617] {logging_mixin.py:104} INFO - [2021-08-06 09:24:49,617] {dag.py:1832} INFO - Sync 1 DAGs
[2021-08-06 09:24:49,634] {logging_mixin.py:104} INFO - [2021-08-06 09:24:49,634] {dag.py:2305} INFO - Setting next_dagrun for ex_dag_v_1_0 to 2021-08-06T09:24:00+00:00
[2021-08-06 09:24:49,642] {scheduler_job.py:190} INFO - Processing /opt/airflow/dags/ex_dag_v_1_0.py took 0.058 seconds
[2021-08-06 09:25:19,784] {scheduler_job.py:182} INFO - Started process (PID=9245) to work on /opt/airflow/dags/ex_dag_v_1_0.py
[2021-08-06 09:25:19,785] {scheduler_job.py:633} INFO - Processing file /opt/airflow/dags/ex_dag_v_1_0.py for tasks to queue
[2021-08-06 09:25:19,785] {logging_mixin.py:104} INFO - [2021-08-06 09:25:19,785] {dagbag.py:487} INFO - Filling up the DagBag from /opt/airflow/dags/ex_dag_v_1_0.py
[2021-08-06 09:25:19,796] {scheduler_job.py:643} INFO - DAG(s) dict_keys(['ex_dag_v_1_0']) retrieved from /opt/airflow/dags/ex_dag_v_1_0.py
[2021-08-06 09:25:19,814] {logging_mixin.py:104} INFO - [2021-08-06 09:25:19,814] {dag.py:1832} INFO - Sync 1 DAGs
[2021-08-06 09:25:19,831] {logging_mixin.py:104} INFO - [2021-08-06 09:25:19,831] {dag.py:2305} INFO - Setting next_dagrun for ex_dag_v_1_0 to 2021-08-06T09:25:00+00:00
[2021-08-06 09:25:19,838] {scheduler_job.py:190} INFO - Processing /opt/airflow/dags/ex_dag_v_1_0.py took 0.058 seconds
[2021-08-06 09:25:49,936] {scheduler_job.py:182} INFO - Started process (PID=9272) to work on /opt/airflow/dags/ex_dag_v_1_0.py
[2021-08-06 09:25:49,937] {scheduler_job.py:633} INFO - Processing file /opt/airflow/dags/ex_dag_v_1_0.py for tasks to queue
[2021-08-06 09:25:49,938] {logging_mixin.py:104} INFO - [2021-08-06 09:25:49,937] {dagbag.py:487} INFO - Filling up the DagBag from /opt/airflow/dags/ex_dag_v_1_0.py
[2021-08-06 09:25:49,949] {scheduler_job.py:643} INFO - DAG(s) dict_keys(['ex_dag_v_1_0']) retrieved from /opt/airflow/dags/ex_dag_v_1_0.py
[2021-08-06 09:25:49,965] {logging_mixin.py:104} INFO - [2021-08-06 09:25:49,965] {dag.py:1832} INFO - Sync 1 DAGs
[2021-08-06 09:25:49,983] {logging_mixin.py:104} INFO - [2021-08-06 09:25:49,983] {dag.py:2305} INFO - Setting next_dagrun for ex_dag_v_1_0 to 2021-08-06T09:25:00+00:00
[2021-08-06 09:25:49,990] {scheduler_job.py:190} INFO - Processing /opt/airflow/dags/ex_dag_v_1_0.py took 0.059 seconds
[2021-08-06 09:26:20,109] {scheduler_job.py:182} INFO - Started process (PID=9308) to work on /opt/airflow/dags/ex_dag_v_1_0.py
[2021-08-06 09:26:20,110] {scheduler_job.py:633} INFO - Processing file /opt/airflow/dags/ex_dag_v_1_0.py for tasks to queue
[2021-08-06 09:26:20,110] {logging_mixin.py:104} INFO - [2021-08-06 09:26:20,110] {dagbag.py:487} INFO - Filling up the DagBag from /opt/airflow/dags/ex_dag_v_1_0.py
[2021-08-06 09:26:20,121] {scheduler_job.py:643} INFO - DAG(s) dict_keys(['ex_dag_v_1_0']) retrieved from /opt/airflow/dags/ex_dag_v_1_0.py
[2021-08-06 09:26:20,140] {logging_mixin.py:104} INFO - [2021-08-06 09:26:20,140] {dag.py:1832} INFO - Sync 1 DAGs
[2021-08-06 09:26:20,158] {logging_mixin.py:104} INFO - [2021-08-06 09:26:20,158] {dag.py:2305} INFO - Setting next_dagrun for ex_dag_v_1_0 to 2021-08-06T09:26:00+00:00
[2021-08-06 09:26:20,165] {scheduler_job.py:190} INFO - Processing /opt/airflow/dags/ex_dag_v_1_0.py took 0.059 seconds
[2021-08-06 09:26:50,251] {scheduler_job.py:182} INFO - Started process (PID=9334) to work on /opt/airflow/dags/ex_dag_v_1_0.py
[2021-08-06 09:26:50,252] {scheduler_job.py:633} INFO - Processing file /opt/airflow/dags/ex_dag_v_1_0.py for tasks to queue
[2021-08-06 09:26:50,252] {logging_mixin.py:104} INFO - [2021-08-06 09:26:50,252] {dagbag.py:487} INFO - Filling up the DagBag from /opt/airflow/dags/ex_dag_v_1_0.py
[2021-08-06 09:26:50,266] {scheduler_job.py:643} INFO - DAG(s) dict_keys(['ex_dag_v_1_0']) retrieved from /opt/airflow/dags/ex_dag_v_1_0.py
[2021-08-06 09:26:50,284] {logging_mixin.py:104} INFO - [2021-08-06 09:26:50,284] {dag.py:1832} INFO - Sync 1 DAGs
[2021-08-06 09:26:50,304] {logging_mixin.py:104} INFO - [2021-08-06 09:26:50,304] {dag.py:2305} INFO - Setting next_dagrun for ex_dag_v_1_0 to 2021-08-06T09:26:00+00:00
[2021-08-06 09:26:50,313] {scheduler_job.py:190} INFO - Processing /opt/airflow/dags/ex_dag_v_1_0.py took 0.065 seconds
[2021-08-06 09:27:20,387] {scheduler_job.py:182} INFO - Started process (PID=9372) to work on /opt/airflow/dags/ex_dag_v_1_0.py
[2021-08-06 09:27:20,388] {scheduler_job.py:633} INFO - Processing file /opt/airflow/dags/ex_dag_v_1_0.py for tasks to queue
[2021-08-06 09:27:20,389] {logging_mixin.py:104} INFO - [2021-08-06 09:27:20,389] {dagbag.py:487} INFO - Filling up the DagBag from /opt/airflow/dags/ex_dag_v_1_0.py
[2021-08-06 09:27:20,400] {scheduler_job.py:643} INFO - DAG(s) dict_keys(['ex_dag_v_1_0']) retrieved from /opt/airflow/dags/ex_dag_v_1_0.py
[2021-08-06 09:27:20,417] {logging_mixin.py:104} INFO - [2021-08-06 09:27:20,417] {dag.py:1832} INFO - Sync 1 DAGs
[2021-08-06 09:27:20,436] {logging_mixin.py:104} INFO - [2021-08-06 09:27:20,436] {dag.py:2305} INFO - Setting next_dagrun for ex_dag_v_1_0 to 2021-08-06T09:27:00+00:00
[2021-08-06 09:27:20,443] {scheduler_job.py:190} INFO - Processing /opt/airflow/dags/ex_dag_v_1_0.py took 0.060 seconds
[2021-08-06 09:27:50,537] {scheduler_job.py:182} INFO - Started process (PID=9406) to work on /opt/airflow/dags/ex_dag_v_1_0.py
[2021-08-06 09:27:50,538] {scheduler_job.py:633} INFO - Processing file /opt/airflow/dags/ex_dag_v_1_0.py for tasks to queue
[2021-08-06 09:27:50,538] {logging_mixin.py:104} INFO - [2021-08-06 09:27:50,538] {dagbag.py:487} INFO - Filling up the DagBag from /opt/airflow/dags/ex_dag_v_1_0.py
[2021-08-06 09:27:50,552] {scheduler_job.py:643} INFO - DAG(s) dict_keys(['ex_dag_v_1_0']) retrieved from /opt/airflow/dags/ex_dag_v_1_0.py
[2021-08-06 09:27:50,571] {logging_mixin.py:104} INFO - [2021-08-06 09:27:50,571] {dag.py:1832} INFO - Sync 1 DAGs
[2021-08-06 09:27:50,592] {logging_mixin.py:104} INFO - [2021-08-06 09:27:50,592] {dag.py:2305} INFO - Setting next_dagrun for ex_dag_v_1_0 to 2021-08-06T09:27:00+00:00
[2021-08-06 09:27:50,601] {scheduler_job.py:190} INFO - Processing /opt/airflow/dags/ex_dag_v_1_0.py took 0.068 seconds
[2021-08-06 09:28:20,722] {scheduler_job.py:182} INFO - Started process (PID=9435) to work on /opt/airflow/dags/ex_dag_v_1_0.py
[2021-08-06 09:28:20,723] {scheduler_job.py:633} INFO - Processing file /opt/airflow/dags/ex_dag_v_1_0.py for tasks to queue
[2021-08-06 09:28:20,724] {logging_mixin.py:104} INFO - [2021-08-06 09:28:20,724] {dagbag.py:487} INFO - Filling up the DagBag from /opt/airflow/dags/ex_dag_v_1_0.py
[2021-08-06 09:28:20,735] {scheduler_job.py:643} INFO - DAG(s) dict_keys(['ex_dag_v_1_0']) retrieved from /opt/airflow/dags/ex_dag_v_1_0.py
[2021-08-06 09:28:20,754] {logging_mixin.py:104} INFO - [2021-08-06 09:28:20,754] {dag.py:1832} INFO - Sync 1 DAGs
[2021-08-06 09:28:20,774] {logging_mixin.py:104} INFO - [2021-08-06 09:28:20,774] {dag.py:2305} INFO - Setting next_dagrun for ex_dag_v_1_0 to 2021-08-06T09:28:00+00:00
[2021-08-06 09:28:20,782] {scheduler_job.py:190} INFO - Processing /opt/airflow/dags/ex_dag_v_1_0.py took 0.063 seconds
[2021-08-06 09:28:50,864] {scheduler_job.py:182} INFO - Started process (PID=9473) to work on /opt/airflow/dags/ex_dag_v_1_0.py
[2021-08-06 09:28:50,865] {scheduler_job.py:633} INFO - Processing file /opt/airflow/dags/ex_dag_v_1_0.py for tasks to queue
[2021-08-06 09:28:50,865] {logging_mixin.py:104} INFO - [2021-08-06 09:28:50,865] {dagbag.py:487} INFO - Filling up the DagBag from /opt/airflow/dags/ex_dag_v_1_0.py
[2021-08-06 09:28:50,878] {scheduler_job.py:643} INFO - DAG(s) dict_keys(['ex_dag_v_1_0']) retrieved from /opt/airflow/dags/ex_dag_v_1_0.py
[2021-08-06 09:28:50,896] {logging_mixin.py:104} INFO - [2021-08-06 09:28:50,896] {dag.py:1832} INFO - Sync 1 DAGs
[2021-08-06 09:28:50,914] {logging_mixin.py:104} INFO - [2021-08-06 09:28:50,913] {dag.py:2305} INFO - Setting next_dagrun for ex_dag_v_1_0 to 2021-08-06T09:28:00+00:00
[2021-08-06 09:28:50,920] {scheduler_job.py:190} INFO - Processing /opt/airflow/dags/ex_dag_v_1_0.py took 0.059 seconds
[2021-08-06 09:29:21,022] {scheduler_job.py:182} INFO - Started process (PID=9499) to work on /opt/airflow/dags/ex_dag_v_1_0.py
[2021-08-06 09:29:21,023] {scheduler_job.py:633} INFO - Processing file /opt/airflow/dags/ex_dag_v_1_0.py for tasks to queue
[2021-08-06 09:29:21,024] {logging_mixin.py:104} INFO - [2021-08-06 09:29:21,024] {dagbag.py:487} INFO - Filling up the DagBag from /opt/airflow/dags/ex_dag_v_1_0.py
[2021-08-06 09:29:21,034] {scheduler_job.py:643} INFO - DAG(s) dict_keys(['ex_dag_v_1_0']) retrieved from /opt/airflow/dags/ex_dag_v_1_0.py
[2021-08-06 09:29:21,050] {logging_mixin.py:104} INFO - [2021-08-06 09:29:21,049] {dag.py:1832} INFO - Sync 1 DAGs
[2021-08-06 09:29:21,066] {logging_mixin.py:104} INFO - [2021-08-06 09:29:21,066] {dag.py:2305} INFO - Setting next_dagrun for ex_dag_v_1_0 to 2021-08-06T09:29:00+00:00
[2021-08-06 09:29:21,072] {scheduler_job.py:190} INFO - Processing /opt/airflow/dags/ex_dag_v_1_0.py took 0.052 seconds
[2021-08-06 09:29:51,171] {scheduler_job.py:182} INFO - Started process (PID=9541) to work on /opt/airflow/dags/ex_dag_v_1_0.py
[2021-08-06 09:29:51,172] {scheduler_job.py:633} INFO - Processing file /opt/airflow/dags/ex_dag_v_1_0.py for tasks to queue
[2021-08-06 09:29:51,173] {logging_mixin.py:104} INFO - [2021-08-06 09:29:51,173] {dagbag.py:487} INFO - Filling up the DagBag from /opt/airflow/dags/ex_dag_v_1_0.py
[2021-08-06 09:29:51,186] {scheduler_job.py:643} INFO - DAG(s) dict_keys(['ex_dag_v_1_0']) retrieved from /opt/airflow/dags/ex_dag_v_1_0.py
[2021-08-06 09:29:51,204] {logging_mixin.py:104} INFO - [2021-08-06 09:29:51,204] {dag.py:1832} INFO - Sync 1 DAGs
[2021-08-06 09:29:51,225] {logging_mixin.py:104} INFO - [2021-08-06 09:29:51,225] {dag.py:2305} INFO - Setting next_dagrun for ex_dag_v_1_0 to 2021-08-06T09:29:00+00:00
[2021-08-06 09:29:51,233] {scheduler_job.py:190} INFO - Processing /opt/airflow/dags/ex_dag_v_1_0.py took 0.065 seconds
[2021-08-06 09:30:21,325] {scheduler_job.py:182} INFO - Started process (PID=9567) to work on /opt/airflow/dags/ex_dag_v_1_0.py
[2021-08-06 09:30:21,327] {scheduler_job.py:633} INFO - Processing file /opt/airflow/dags/ex_dag_v_1_0.py for tasks to queue
[2021-08-06 09:30:21,327] {logging_mixin.py:104} INFO - [2021-08-06 09:30:21,327] {dagbag.py:487} INFO - Filling up the DagBag from /opt/airflow/dags/ex_dag_v_1_0.py
[2021-08-06 09:30:21,341] {scheduler_job.py:643} INFO - DAG(s) dict_keys(['ex_dag_v_1_0']) retrieved from /opt/airflow/dags/ex_dag_v_1_0.py
[2021-08-06 09:30:21,360] {logging_mixin.py:104} INFO - [2021-08-06 09:30:21,360] {dag.py:1832} INFO - Sync 1 DAGs
[2021-08-06 09:30:21,379] {logging_mixin.py:104} INFO - [2021-08-06 09:30:21,378] {dag.py:2305} INFO - Setting next_dagrun for ex_dag_v_1_0 to 2021-08-06T09:30:00+00:00
[2021-08-06 09:30:21,386] {scheduler_job.py:190} INFO - Processing /opt/airflow/dags/ex_dag_v_1_0.py took 0.064 seconds
[2021-08-06 09:30:51,469] {scheduler_job.py:182} INFO - Started process (PID=9603) to work on /opt/airflow/dags/ex_dag_v_1_0.py
[2021-08-06 09:30:51,470] {scheduler_job.py:633} INFO - Processing file /opt/airflow/dags/ex_dag_v_1_0.py for tasks to queue
[2021-08-06 09:30:51,471] {logging_mixin.py:104} INFO - [2021-08-06 09:30:51,471] {dagbag.py:487} INFO - Filling up the DagBag from /opt/airflow/dags/ex_dag_v_1_0.py
[2021-08-06 09:30:51,483] {scheduler_job.py:643} INFO - DAG(s) dict_keys(['ex_dag_v_1_0']) retrieved from /opt/airflow/dags/ex_dag_v_1_0.py
[2021-08-06 09:30:51,501] {logging_mixin.py:104} INFO - [2021-08-06 09:30:51,501] {dag.py:1832} INFO - Sync 1 DAGs
[2021-08-06 09:30:51,517] {logging_mixin.py:104} INFO - [2021-08-06 09:30:51,517] {dag.py:2305} INFO - Setting next_dagrun for ex_dag_v_1_0 to 2021-08-06T09:30:00+00:00
[2021-08-06 09:30:51,524] {scheduler_job.py:190} INFO - Processing /opt/airflow/dags/ex_dag_v_1_0.py took 0.058 seconds
[2021-08-06 09:31:21,612] {scheduler_job.py:182} INFO - Started process (PID=9639) to work on /opt/airflow/dags/ex_dag_v_1_0.py
[2021-08-06 09:31:21,613] {scheduler_job.py:633} INFO - Processing file /opt/airflow/dags/ex_dag_v_1_0.py for tasks to queue
[2021-08-06 09:31:21,614] {logging_mixin.py:104} INFO - [2021-08-06 09:31:21,614] {dagbag.py:487} INFO - Filling up the DagBag from /opt/airflow/dags/ex_dag_v_1_0.py
[2021-08-06 09:31:21,627] {scheduler_job.py:643} INFO - DAG(s) dict_keys(['ex_dag_v_1_0']) retrieved from /opt/airflow/dags/ex_dag_v_1_0.py
[2021-08-06 09:31:21,646] {logging_mixin.py:104} INFO - [2021-08-06 09:31:21,646] {dag.py:1832} INFO - Sync 1 DAGs
[2021-08-06 09:31:21,667] {logging_mixin.py:104} INFO - [2021-08-06 09:31:21,667] {dag.py:2305} INFO - Setting next_dagrun for ex_dag_v_1_0 to 2021-08-06T09:31:00+00:00
[2021-08-06 09:31:21,676] {scheduler_job.py:190} INFO - Processing /opt/airflow/dags/ex_dag_v_1_0.py took 0.067 seconds
[2021-08-06 09:31:51,798] {scheduler_job.py:182} INFO - Started process (PID=9667) to work on /opt/airflow/dags/ex_dag_v_1_0.py
[2021-08-06 09:31:51,799] {scheduler_job.py:633} INFO - Processing file /opt/airflow/dags/ex_dag_v_1_0.py for tasks to queue
[2021-08-06 09:31:51,800] {logging_mixin.py:104} INFO - [2021-08-06 09:31:51,800] {dagbag.py:487} INFO - Filling up the DagBag from /opt/airflow/dags/ex_dag_v_1_0.py
[2021-08-06 09:31:51,815] {scheduler_job.py:643} INFO - DAG(s) dict_keys(['ex_dag_v_1_0']) retrieved from /opt/airflow/dags/ex_dag_v_1_0.py
[2021-08-06 09:31:51,835] {logging_mixin.py:104} INFO - [2021-08-06 09:31:51,835] {dag.py:1832} INFO - Sync 1 DAGs
[2021-08-06 09:31:51,859] {logging_mixin.py:104} INFO - [2021-08-06 09:31:51,858] {dag.py:2305} INFO - Setting next_dagrun for ex_dag_v_1_0 to 2021-08-06T09:31:00+00:00
[2021-08-06 09:31:51,868] {scheduler_job.py:190} INFO - Processing /opt/airflow/dags/ex_dag_v_1_0.py took 0.074 seconds
[2021-08-06 09:32:21,966] {scheduler_job.py:182} INFO - Started process (PID=9705) to work on /opt/airflow/dags/ex_dag_v_1_0.py
[2021-08-06 09:32:21,967] {scheduler_job.py:633} INFO - Processing file /opt/airflow/dags/ex_dag_v_1_0.py for tasks to queue
[2021-08-06 09:32:21,968] {logging_mixin.py:104} INFO - [2021-08-06 09:32:21,968] {dagbag.py:487} INFO - Filling up the DagBag from /opt/airflow/dags/ex_dag_v_1_0.py
[2021-08-06 09:32:21,982] {scheduler_job.py:643} INFO - DAG(s) dict_keys(['ex_dag_v_1_0']) retrieved from /opt/airflow/dags/ex_dag_v_1_0.py
[2021-08-06 09:32:22,003] {logging_mixin.py:104} INFO - [2021-08-06 09:32:22,002] {dag.py:1832} INFO - Sync 1 DAGs
[2021-08-06 09:32:22,024] {logging_mixin.py:104} INFO - [2021-08-06 09:32:22,024] {dag.py:2305} INFO - Setting next_dagrun for ex_dag_v_1_0 to 2021-08-06T09:32:00+00:00
[2021-08-06 09:32:22,032] {scheduler_job.py:190} INFO - Processing /opt/airflow/dags/ex_dag_v_1_0.py took 0.071 seconds
[2021-08-06 09:32:52,117] {scheduler_job.py:182} INFO - Started process (PID=9732) to work on /opt/airflow/dags/ex_dag_v_1_0.py
[2021-08-06 09:32:52,117] {scheduler_job.py:633} INFO - Processing file /opt/airflow/dags/ex_dag_v_1_0.py for tasks to queue
[2021-08-06 09:32:52,118] {logging_mixin.py:104} INFO - [2021-08-06 09:32:52,118] {dagbag.py:487} INFO - Filling up the DagBag from /opt/airflow/dags/ex_dag_v_1_0.py
[2021-08-06 09:32:52,129] {scheduler_job.py:643} INFO - DAG(s) dict_keys(['ex_dag_v_1_0']) retrieved from /opt/airflow/dags/ex_dag_v_1_0.py
[2021-08-06 09:32:52,149] {logging_mixin.py:104} INFO - [2021-08-06 09:32:52,149] {dag.py:1832} INFO - Sync 1 DAGs
[2021-08-06 09:32:52,169] {logging_mixin.py:104} INFO - [2021-08-06 09:32:52,169] {dag.py:2305} INFO - Setting next_dagrun for ex_dag_v_1_0 to 2021-08-06T09:32:00+00:00
[2021-08-06 09:32:52,177] {scheduler_job.py:190} INFO - Processing /opt/airflow/dags/ex_dag_v_1_0.py took 0.065 seconds
[2021-08-06 09:33:22,250] {scheduler_job.py:182} INFO - Started process (PID=9771) to work on /opt/airflow/dags/ex_dag_v_1_0.py
[2021-08-06 09:33:22,252] {scheduler_job.py:633} INFO - Processing file /opt/airflow/dags/ex_dag_v_1_0.py for tasks to queue
[2021-08-06 09:33:22,253] {logging_mixin.py:104} INFO - [2021-08-06 09:33:22,253] {dagbag.py:487} INFO - Filling up the DagBag from /opt/airflow/dags/ex_dag_v_1_0.py
[2021-08-06 09:33:22,268] {scheduler_job.py:643} INFO - DAG(s) dict_keys(['ex_dag_v_1_0']) retrieved from /opt/airflow/dags/ex_dag_v_1_0.py
[2021-08-06 09:33:22,289] {logging_mixin.py:104} INFO - [2021-08-06 09:33:22,289] {dag.py:1832} INFO - Sync 1 DAGs
[2021-08-06 09:33:22,314] {logging_mixin.py:104} INFO - [2021-08-06 09:33:22,314] {dag.py:2305} INFO - Setting next_dagrun for ex_dag_v_1_0 to 2021-08-06T09:33:00+00:00
[2021-08-06 09:33:22,331] {scheduler_job.py:190} INFO - Processing /opt/airflow/dags/ex_dag_v_1_0.py took 0.086 seconds
[2021-08-06 09:33:52,410] {scheduler_job.py:182} INFO - Started process (PID=9798) to work on /opt/airflow/dags/ex_dag_v_1_0.py
[2021-08-06 09:33:52,411] {scheduler_job.py:633} INFO - Processing file /opt/airflow/dags/ex_dag_v_1_0.py for tasks to queue
[2021-08-06 09:33:52,412] {logging_mixin.py:104} INFO - [2021-08-06 09:33:52,412] {dagbag.py:487} INFO - Filling up the DagBag from /opt/airflow/dags/ex_dag_v_1_0.py
[2021-08-06 09:33:52,428] {scheduler_job.py:643} INFO - DAG(s) dict_keys(['ex_dag_v_1_0']) retrieved from /opt/airflow/dags/ex_dag_v_1_0.py
[2021-08-06 09:33:52,450] {logging_mixin.py:104} INFO - [2021-08-06 09:33:52,450] {dag.py:1832} INFO - Sync 1 DAGs
[2021-08-06 09:33:52,469] {logging_mixin.py:104} INFO - [2021-08-06 09:33:52,469] {dag.py:2305} INFO - Setting next_dagrun for ex_dag_v_1_0 to 2021-08-06T09:33:00+00:00
[2021-08-06 09:33:52,478] {scheduler_job.py:190} INFO - Processing /opt/airflow/dags/ex_dag_v_1_0.py took 0.071 seconds
[2021-08-06 09:34:22,590] {scheduler_job.py:182} INFO - Started process (PID=9836) to work on /opt/airflow/dags/ex_dag_v_1_0.py
[2021-08-06 09:34:22,591] {scheduler_job.py:633} INFO - Processing file /opt/airflow/dags/ex_dag_v_1_0.py for tasks to queue
[2021-08-06 09:34:22,591] {logging_mixin.py:104} INFO - [2021-08-06 09:34:22,591] {dagbag.py:487} INFO - Filling up the DagBag from /opt/airflow/dags/ex_dag_v_1_0.py
[2021-08-06 09:34:22,605] {scheduler_job.py:643} INFO - DAG(s) dict_keys(['ex_dag_v_1_0']) retrieved from /opt/airflow/dags/ex_dag_v_1_0.py
[2021-08-06 09:34:22,624] {logging_mixin.py:104} INFO - [2021-08-06 09:34:22,623] {dag.py:1832} INFO - Sync 1 DAGs
[2021-08-06 09:34:22,642] {logging_mixin.py:104} INFO - [2021-08-06 09:34:22,642] {dag.py:2305} INFO - Setting next_dagrun for ex_dag_v_1_0 to 2021-08-06T09:34:00+00:00
[2021-08-06 09:34:22,649] {scheduler_job.py:190} INFO - Processing /opt/airflow/dags/ex_dag_v_1_0.py took 0.062 seconds
[2021-08-06 09:34:52,752] {scheduler_job.py:182} INFO - Started process (PID=9871) to work on /opt/airflow/dags/ex_dag_v_1_0.py
[2021-08-06 09:34:52,753] {scheduler_job.py:633} INFO - Processing file /opt/airflow/dags/ex_dag_v_1_0.py for tasks to queue
[2021-08-06 09:34:52,754] {logging_mixin.py:104} INFO - [2021-08-06 09:34:52,754] {dagbag.py:487} INFO - Filling up the DagBag from /opt/airflow/dags/ex_dag_v_1_0.py
[2021-08-06 09:34:52,767] {scheduler_job.py:643} INFO - DAG(s) dict_keys(['ex_dag_v_1_0']) retrieved from /opt/airflow/dags/ex_dag_v_1_0.py
[2021-08-06 09:34:52,793] {logging_mixin.py:104} INFO - [2021-08-06 09:34:52,792] {dag.py:1832} INFO - Sync 1 DAGs
[2021-08-06 09:34:52,852] {logging_mixin.py:104} INFO - [2021-08-06 09:34:52,852] {dag.py:2305} INFO - Setting next_dagrun for ex_dag_v_1_0 to 2021-08-06T09:34:00+00:00
[2021-08-06 09:34:52,866] {scheduler_job.py:190} INFO - Processing /opt/airflow/dags/ex_dag_v_1_0.py took 0.118 seconds
[2021-08-06 09:35:22,906] {scheduler_job.py:182} INFO - Started process (PID=9902) to work on /opt/airflow/dags/ex_dag_v_1_0.py
[2021-08-06 09:35:22,907] {scheduler_job.py:633} INFO - Processing file /opt/airflow/dags/ex_dag_v_1_0.py for tasks to queue
[2021-08-06 09:35:22,908] {logging_mixin.py:104} INFO - [2021-08-06 09:35:22,908] {dagbag.py:487} INFO - Filling up the DagBag from /opt/airflow/dags/ex_dag_v_1_0.py
[2021-08-06 09:35:22,931] {scheduler_job.py:643} INFO - DAG(s) dict_keys(['ex_dag_v_1_0']) retrieved from /opt/airflow/dags/ex_dag_v_1_0.py
[2021-08-06 09:35:22,970] {logging_mixin.py:104} INFO - [2021-08-06 09:35:22,970] {dag.py:1832} INFO - Sync 1 DAGs
[2021-08-06 09:35:23,003] {logging_mixin.py:104} INFO - [2021-08-06 09:35:23,003] {dag.py:2305} INFO - Setting next_dagrun for ex_dag_v_1_0 to 2021-08-06T09:35:00+00:00
[2021-08-06 09:35:23,012] {scheduler_job.py:190} INFO - Processing /opt/airflow/dags/ex_dag_v_1_0.py took 0.111 seconds
[2021-08-06 09:35:53,057] {scheduler_job.py:182} INFO - Started process (PID=9943) to work on /opt/airflow/dags/ex_dag_v_1_0.py
[2021-08-06 09:35:53,058] {scheduler_job.py:633} INFO - Processing file /opt/airflow/dags/ex_dag_v_1_0.py for tasks to queue
[2021-08-06 09:35:53,059] {logging_mixin.py:104} INFO - [2021-08-06 09:35:53,059] {dagbag.py:487} INFO - Filling up the DagBag from /opt/airflow/dags/ex_dag_v_1_0.py
[2021-08-06 09:35:53,069] {scheduler_job.py:643} INFO - DAG(s) dict_keys(['ex_dag_v_1_0']) retrieved from /opt/airflow/dags/ex_dag_v_1_0.py
[2021-08-06 09:35:53,085] {logging_mixin.py:104} INFO - [2021-08-06 09:35:53,085] {dag.py:1832} INFO - Sync 1 DAGs
[2021-08-06 09:35:53,102] {logging_mixin.py:104} INFO - [2021-08-06 09:35:53,102] {dag.py:2305} INFO - Setting next_dagrun for ex_dag_v_1_0 to 2021-08-06T09:35:00+00:00
[2021-08-06 09:35:53,109] {scheduler_job.py:190} INFO - Processing /opt/airflow/dags/ex_dag_v_1_0.py took 0.054 seconds
[2021-08-06 09:36:23,196] {scheduler_job.py:182} INFO - Started process (PID=9972) to work on /opt/airflow/dags/ex_dag_v_1_0.py
[2021-08-06 09:36:23,197] {scheduler_job.py:633} INFO - Processing file /opt/airflow/dags/ex_dag_v_1_0.py for tasks to queue
[2021-08-06 09:36:23,197] {logging_mixin.py:104} INFO - [2021-08-06 09:36:23,197] {dagbag.py:487} INFO - Filling up the DagBag from /opt/airflow/dags/ex_dag_v_1_0.py
[2021-08-06 09:36:23,208] {scheduler_job.py:643} INFO - DAG(s) dict_keys(['ex_dag_v_1_0']) retrieved from /opt/airflow/dags/ex_dag_v_1_0.py
[2021-08-06 09:36:23,224] {logging_mixin.py:104} INFO - [2021-08-06 09:36:23,224] {dag.py:1832} INFO - Sync 1 DAGs
[2021-08-06 09:36:23,243] {logging_mixin.py:104} INFO - [2021-08-06 09:36:23,243] {dag.py:2305} INFO - Setting next_dagrun for ex_dag_v_1_0 to 2021-08-06T09:36:00+00:00
[2021-08-06 09:36:23,250] {scheduler_job.py:190} INFO - Processing /opt/airflow/dags/ex_dag_v_1_0.py took 0.056 seconds
[2021-08-06 09:36:53,365] {scheduler_job.py:182} INFO - Started process (PID=10010) to work on /opt/airflow/dags/ex_dag_v_1_0.py
[2021-08-06 09:36:53,366] {scheduler_job.py:633} INFO - Processing file /opt/airflow/dags/ex_dag_v_1_0.py for tasks to queue
[2021-08-06 09:36:53,366] {logging_mixin.py:104} INFO - [2021-08-06 09:36:53,366] {dagbag.py:487} INFO - Filling up the DagBag from /opt/airflow/dags/ex_dag_v_1_0.py
[2021-08-06 09:36:53,377] {scheduler_job.py:643} INFO - DAG(s) dict_keys(['ex_dag_v_1_0']) retrieved from /opt/airflow/dags/ex_dag_v_1_0.py
[2021-08-06 09:36:53,399] {logging_mixin.py:104} INFO - [2021-08-06 09:36:53,399] {dag.py:1832} INFO - Sync 1 DAGs
[2021-08-06 09:36:53,417] {logging_mixin.py:104} INFO - [2021-08-06 09:36:53,417] {dag.py:2305} INFO - Setting next_dagrun for ex_dag_v_1_0 to 2021-08-06T09:36:00+00:00
[2021-08-06 09:36:53,424] {scheduler_job.py:190} INFO - Processing /opt/airflow/dags/ex_dag_v_1_0.py took 0.061 seconds
[2021-08-06 09:37:23,520] {scheduler_job.py:182} INFO - Started process (PID=10037) to work on /opt/airflow/dags/ex_dag_v_1_0.py
[2021-08-06 09:37:23,520] {scheduler_job.py:633} INFO - Processing file /opt/airflow/dags/ex_dag_v_1_0.py for tasks to queue
[2021-08-06 09:37:23,521] {logging_mixin.py:104} INFO - [2021-08-06 09:37:23,521] {dagbag.py:487} INFO - Filling up the DagBag from /opt/airflow/dags/ex_dag_v_1_0.py
[2021-08-06 09:37:23,531] {scheduler_job.py:643} INFO - DAG(s) dict_keys(['ex_dag_v_1_0']) retrieved from /opt/airflow/dags/ex_dag_v_1_0.py
[2021-08-06 09:37:23,548] {logging_mixin.py:104} INFO - [2021-08-06 09:37:23,548] {dag.py:1832} INFO - Sync 1 DAGs
[2021-08-06 09:37:23,568] {logging_mixin.py:104} INFO - [2021-08-06 09:37:23,568] {dag.py:2305} INFO - Setting next_dagrun for ex_dag_v_1_0 to 2021-08-06T09:37:00+00:00
[2021-08-06 09:37:23,575] {scheduler_job.py:190} INFO - Processing /opt/airflow/dags/ex_dag_v_1_0.py took 0.058 seconds
[2021-08-06 09:37:53,665] {scheduler_job.py:182} INFO - Started process (PID=10075) to work on /opt/airflow/dags/ex_dag_v_1_0.py
[2021-08-06 09:37:53,665] {scheduler_job.py:633} INFO - Processing file /opt/airflow/dags/ex_dag_v_1_0.py for tasks to queue
[2021-08-06 09:37:53,666] {logging_mixin.py:104} INFO - [2021-08-06 09:37:53,666] {dagbag.py:487} INFO - Filling up the DagBag from /opt/airflow/dags/ex_dag_v_1_0.py
[2021-08-06 09:37:53,686] {scheduler_job.py:643} INFO - DAG(s) dict_keys(['ex_dag_v_1_0']) retrieved from /opt/airflow/dags/ex_dag_v_1_0.py
[2021-08-06 09:37:53,724] {logging_mixin.py:104} INFO - [2021-08-06 09:37:53,724] {dag.py:1832} INFO - Sync 1 DAGs
[2021-08-06 09:37:53,761] {logging_mixin.py:104} INFO - [2021-08-06 09:37:53,761] {dag.py:2305} INFO - Setting next_dagrun for ex_dag_v_1_0 to 2021-08-06T09:37:00+00:00
[2021-08-06 09:37:53,776] {scheduler_job.py:190} INFO - Processing /opt/airflow/dags/ex_dag_v_1_0.py took 0.114 seconds
[2021-08-06 09:38:23,822] {scheduler_job.py:182} INFO - Started process (PID=10115) to work on /opt/airflow/dags/ex_dag_v_1_0.py
[2021-08-06 09:38:23,823] {scheduler_job.py:633} INFO - Processing file /opt/airflow/dags/ex_dag_v_1_0.py for tasks to queue
[2021-08-06 09:38:23,823] {logging_mixin.py:104} INFO - [2021-08-06 09:38:23,823] {dagbag.py:487} INFO - Filling up the DagBag from /opt/airflow/dags/ex_dag_v_1_0.py
[2021-08-06 09:38:23,835] {scheduler_job.py:643} INFO - DAG(s) dict_keys(['ex_dag_v_1_0']) retrieved from /opt/airflow/dags/ex_dag_v_1_0.py
[2021-08-06 09:38:23,854] {logging_mixin.py:104} INFO - [2021-08-06 09:38:23,854] {dag.py:1832} INFO - Sync 1 DAGs
[2021-08-06 09:38:23,873] {logging_mixin.py:104} INFO - [2021-08-06 09:38:23,873] {dag.py:2305} INFO - Setting next_dagrun for ex_dag_v_1_0 to 2021-08-06T09:38:00+00:00
[2021-08-06 09:38:23,881] {scheduler_job.py:190} INFO - Processing /opt/airflow/dags/ex_dag_v_1_0.py took 0.062 seconds
