[2021-08-06 09:25:01,672] {taskinstance.py:876} INFO - Dependencies all met for <TaskInstance: ex_dag_v_1_0.task_b 2021-08-06T09:24:00+00:00 [queued]>
[2021-08-06 09:25:01,683] {taskinstance.py:876} INFO - Dependencies all met for <TaskInstance: ex_dag_v_1_0.task_b 2021-08-06T09:24:00+00:00 [queued]>
[2021-08-06 09:25:01,683] {taskinstance.py:1067} INFO - 
--------------------------------------------------------------------------------
[2021-08-06 09:25:01,683] {taskinstance.py:1068} INFO - Starting attempt 1 of 1
[2021-08-06 09:25:01,684] {taskinstance.py:1069} INFO - 
--------------------------------------------------------------------------------
[2021-08-06 09:25:01,691] {taskinstance.py:1087} INFO - Executing <Task(BashOperator): task_b> on 2021-08-06T09:24:00+00:00
[2021-08-06 09:25:01,696] {standard_task_runner.py:52} INFO - Started process 8489 to run task
[2021-08-06 09:25:01,699] {standard_task_runner.py:76} INFO - Running: ['***', 'tasks', 'run', 'ex_dag_v_1_0', 'task_b', '2021-08-06T09:24:00+00:00', '--job-id', '55', '--pool', 'default_pool', '--raw', '--subdir', 'DAGS_FOLDER/ex_dag_v_1_0.py', '--cfg-path', '/tmp/tmpe78na1kf', '--error-file', '/tmp/tmp231tkko6']
[2021-08-06 09:25:01,700] {standard_task_runner.py:77} INFO - Job 55: Subtask task_b
[2021-08-06 09:25:01,740] {logging_mixin.py:104} INFO - Running <TaskInstance: ex_dag_v_1_0.task_b 2021-08-06T09:24:00+00:00 [running]> on host a3e01b137881
[2021-08-06 09:25:01,795] {taskinstance.py:1280} INFO - Exporting the following env vars:
AIRFLOW_CTX_DAG_OWNER=Nha
AIRFLOW_CTX_DAG_ID=ex_dag_v_1_0
AIRFLOW_CTX_TASK_ID=task_b
AIRFLOW_CTX_EXECUTION_DATE=2021-08-06T09:24:00+00:00
AIRFLOW_CTX_DAG_RUN_ID=scheduled__2021-08-06T09:24:00+00:00
[2021-08-06 09:25:01,795] {subprocess.py:52} INFO - Tmp dir root location: 
 /tmp
[2021-08-06 09:25:01,796] {subprocess.py:63} INFO - Running command: ['bash', '-c', "echo 'task_b'"]
[2021-08-06 09:25:01,807] {subprocess.py:75} INFO - Output:
[2021-08-06 09:25:01,808] {subprocess.py:79} INFO - task_b
[2021-08-06 09:25:01,808] {subprocess.py:83} INFO - Command exited with return code 0
[2021-08-06 09:25:01,831] {taskinstance.py:1184} INFO - Marking task as SUCCESS. dag_id=ex_dag_v_1_0, task_id=task_b, execution_date=20210806T092400, start_date=20210806T092501, end_date=20210806T092501
[2021-08-06 09:25:01,851] {taskinstance.py:1245} INFO - 0 downstream tasks scheduled from follow-on schedule check
[2021-08-06 09:25:01,870] {local_task_job.py:151} INFO - Task exited with return code 0
