[2021-08-06 07:32:27,869] {taskinstance.py:876} INFO - Dependencies all met for <TaskInstance: check_context_dag.check_context_task 2021-08-06T07:32:26.787122+00:00 [queued]>
[2021-08-06 07:32:27,883] {taskinstance.py:876} INFO - Dependencies all met for <TaskInstance: check_context_dag.check_context_task 2021-08-06T07:32:26.787122+00:00 [queued]>
[2021-08-06 07:32:27,883] {taskinstance.py:1067} INFO - 
--------------------------------------------------------------------------------
[2021-08-06 07:32:27,883] {taskinstance.py:1068} INFO - Starting attempt 1 of 1
[2021-08-06 07:32:27,883] {taskinstance.py:1069} INFO - 
--------------------------------------------------------------------------------
[2021-08-06 07:32:27,897] {taskinstance.py:1087} INFO - Executing <Task(PythonOperator): check_context_task> on 2021-08-06T07:32:26.787122+00:00
[2021-08-06 07:32:27,903] {standard_task_runner.py:52} INFO - Started process 1706 to run task
[2021-08-06 07:32:27,926] {standard_task_runner.py:76} INFO - Running: ['***', 'tasks', 'run', 'check_context_dag', 'check_context_task', '2021-08-06T07:32:26.787122+00:00', '--job-id', '5', '--pool', 'default_pool', '--raw', '--subdir', 'DAGS_FOLDER/check_context.py', '--cfg-path', '/tmp/tmpg2wargg8', '--error-file', '/tmp/tmppfr_847u']
[2021-08-06 07:32:27,927] {standard_task_runner.py:77} INFO - Job 5: Subtask check_context_task
[2021-08-06 07:32:28,037] {logging_mixin.py:104} INFO - Running <TaskInstance: check_context_dag.check_context_task 2021-08-06T07:32:26.787122+00:00 [running]> on host a3e01b137881
[2021-08-06 07:32:28,133] {taskinstance.py:1280} INFO - Exporting the following env vars:
AIRFLOW_CTX_DAG_OWNER=***
AIRFLOW_CTX_DAG_ID=check_context_dag
AIRFLOW_CTX_TASK_ID=check_context_task
AIRFLOW_CTX_EXECUTION_DATE=2021-08-06T07:32:26.787122+00:00
AIRFLOW_CTX_DAG_RUN_ID=manual__2021-08-06T07:32:26.787122+00:00
[2021-08-06 07:32:28,134] {logging_mixin.py:104} INFO - TRUONG OI: 2021-08-06
[2021-08-06 07:32:28,134] {python.py:151} INFO - Done. Returned value was: None
[2021-08-06 07:32:28,148] {taskinstance.py:1184} INFO - Marking task as SUCCESS. dag_id=check_context_dag, task_id=check_context_task, execution_date=20210806T073226, start_date=20210806T073227, end_date=20210806T073228
[2021-08-06 07:32:28,173] {taskinstance.py:1245} INFO - 0 downstream tasks scheduled from follow-on schedule check
[2021-08-06 07:32:28,179] {local_task_job.py:151} INFO - Task exited with return code 0
