[2021-08-06 09:27:01,633] {taskinstance.py:876} INFO - Dependencies all met for <TaskInstance: ex_dag_v_1_0.task_b 2021-08-06T09:26:00+00:00 [queued]>
[2021-08-06 09:27:01,645] {taskinstance.py:876} INFO - Dependencies all met for <TaskInstance: ex_dag_v_1_0.task_b 2021-08-06T09:26:00+00:00 [queued]>
[2021-08-06 09:27:01,645] {taskinstance.py:1067} INFO - 
--------------------------------------------------------------------------------
[2021-08-06 09:27:01,645] {taskinstance.py:1068} INFO - Starting attempt 1 of 1
[2021-08-06 09:27:01,646] {taskinstance.py:1069} INFO - 
--------------------------------------------------------------------------------
[2021-08-06 09:27:01,653] {taskinstance.py:1087} INFO - Executing <Task(BashOperator): task_b> on 2021-08-06T09:26:00+00:00
[2021-08-06 09:27:01,657] {standard_task_runner.py:52} INFO - Started process 8614 to run task
[2021-08-06 09:27:01,661] {standard_task_runner.py:76} INFO - Running: ['***', 'tasks', 'run', 'ex_dag_v_1_0', 'task_b', '2021-08-06T09:26:00+00:00', '--job-id', '59', '--pool', 'default_pool', '--raw', '--subdir', 'DAGS_FOLDER/ex_dag_v_1_0.py', '--cfg-path', '/tmp/tmpg9u79bg_', '--error-file', '/tmp/tmpex548m1r']
[2021-08-06 09:27:01,662] {standard_task_runner.py:77} INFO - Job 59: Subtask task_b
[2021-08-06 09:27:01,703] {logging_mixin.py:104} INFO - Running <TaskInstance: ex_dag_v_1_0.task_b 2021-08-06T09:26:00+00:00 [running]> on host a3e01b137881
[2021-08-06 09:27:01,749] {taskinstance.py:1280} INFO - Exporting the following env vars:
AIRFLOW_CTX_DAG_OWNER=Nha
AIRFLOW_CTX_DAG_ID=ex_dag_v_1_0
AIRFLOW_CTX_TASK_ID=task_b
AIRFLOW_CTX_EXECUTION_DATE=2021-08-06T09:26:00+00:00
AIRFLOW_CTX_DAG_RUN_ID=scheduled__2021-08-06T09:26:00+00:00
[2021-08-06 09:27:01,750] {subprocess.py:52} INFO - Tmp dir root location: 
 /tmp
[2021-08-06 09:27:01,751] {subprocess.py:63} INFO - Running command: ['bash', '-c', "echo 'task_b'"]
[2021-08-06 09:27:01,762] {subprocess.py:75} INFO - Output:
[2021-08-06 09:27:01,764] {subprocess.py:79} INFO - task_b
[2021-08-06 09:27:01,764] {subprocess.py:83} INFO - Command exited with return code 0
[2021-08-06 09:27:01,787] {taskinstance.py:1184} INFO - Marking task as SUCCESS. dag_id=ex_dag_v_1_0, task_id=task_b, execution_date=20210806T092600, start_date=20210806T092701, end_date=20210806T092701
[2021-08-06 09:27:01,809] {taskinstance.py:1245} INFO - 0 downstream tasks scheduled from follow-on schedule check
[2021-08-06 09:27:01,832] {local_task_job.py:151} INFO - Task exited with return code 0
