[2021-08-06 09:21:00,833] {taskinstance.py:876} INFO - Dependencies all met for <TaskInstance: ex_dag_v_1_0.task_a 2021-08-06T09:20:00+00:00 [queued]>
[2021-08-06 09:21:00,883] {taskinstance.py:876} INFO - Dependencies all met for <TaskInstance: ex_dag_v_1_0.task_a 2021-08-06T09:20:00+00:00 [queued]>
[2021-08-06 09:21:00,883] {taskinstance.py:1067} INFO - 
--------------------------------------------------------------------------------
[2021-08-06 09:21:00,883] {taskinstance.py:1068} INFO - Starting attempt 1 of 1
[2021-08-06 09:21:00,883] {taskinstance.py:1069} INFO - 
--------------------------------------------------------------------------------
[2021-08-06 09:21:00,890] {taskinstance.py:1087} INFO - Executing <Task(BashOperator): task_a> on 2021-08-06T09:20:00+00:00
[2021-08-06 09:21:00,897] {standard_task_runner.py:52} INFO - Started process 8226 to run task
[2021-08-06 09:21:00,901] {standard_task_runner.py:76} INFO - Running: ['***', 'tasks', 'run', 'ex_dag_v_1_0', 'task_a', '2021-08-06T09:20:00+00:00', '--job-id', '46', '--pool', 'default_pool', '--raw', '--subdir', 'DAGS_FOLDER/ex_dag_v_1_0.py', '--cfg-path', '/tmp/tmpuz6yo36o', '--error-file', '/tmp/tmp8ff3twgx']
[2021-08-06 09:21:00,901] {standard_task_runner.py:77} INFO - Job 46: Subtask task_a
[2021-08-06 09:21:01,010] {logging_mixin.py:104} INFO - Running <TaskInstance: ex_dag_v_1_0.task_a 2021-08-06T09:20:00+00:00 [running]> on host a3e01b137881
[2021-08-06 09:21:01,086] {taskinstance.py:1280} INFO - Exporting the following env vars:
AIRFLOW_CTX_DAG_OWNER=Truong
AIRFLOW_CTX_DAG_ID=ex_dag_v_1_0
AIRFLOW_CTX_TASK_ID=task_a
AIRFLOW_CTX_EXECUTION_DATE=2021-08-06T09:20:00+00:00
AIRFLOW_CTX_DAG_RUN_ID=scheduled__2021-08-06T09:20:00+00:00
[2021-08-06 09:21:01,087] {subprocess.py:52} INFO - Tmp dir root location: 
 /tmp
[2021-08-06 09:21:01,087] {subprocess.py:63} INFO - Running command: ['bash', '-c', "echo 'task_a'"]
[2021-08-06 09:21:01,097] {subprocess.py:75} INFO - Output:
[2021-08-06 09:21:01,099] {subprocess.py:79} INFO - task_a
[2021-08-06 09:21:01,099] {subprocess.py:83} INFO - Command exited with return code 0
[2021-08-06 09:21:01,127] {taskinstance.py:1184} INFO - Marking task as SUCCESS. dag_id=ex_dag_v_1_0, task_id=task_a, execution_date=20210806T092000, start_date=20210806T092100, end_date=20210806T092101
[2021-08-06 09:21:01,167] {taskinstance.py:1245} INFO - 1 downstream tasks scheduled from follow-on schedule check
[2021-08-06 09:21:01,199] {local_task_job.py:151} INFO - Task exited with return code 0
